#
# A fatal error has been detected by the Java Runtime Environment:
#
#  EXCEPTION_ACCESS_VIOLATION (0xc0000005) at pc=0x0000019c541311ac, pid=30896, tid=2900
#
# JRE version: Java(TM) SE Runtime Environment (18.0.2+9) (build 18.0.2+9-61)
# Java VM: Java HotSpot(TM) 64-Bit Server VM (18.0.2+9-61, mixed mode, sharing, tiered, compressed oops, compressed class ptrs, g1 gc, windows-amd64)
# Problematic frame:
# v  ~BufferBlob::MethodHandles adapters
#
# No core dump will be written. Minidumps are not enabled by default on client versions of Windows
#
# If you would like to submit a bug report, please visit:
#   https://bugreport.java.com/bugreport/crash.jsp
#

---------------  S U M M A R Y ------------

Command Line: -XX:+ShowCodeDetailsInExceptionMessages -agentlib:jdwp=transport=dt_socket,suspend=y,address=localhost:61206 -javaagent:C:\Users\Arul_venkatesh\eclipse\java-2023-06\eclipse\configuration\org.eclipse.osgi\248\0\.cp\lib\javaagent-shaded.jar -Dfile.encoding=UTF-8 com.project.CRUDoperation.CruDoperationApplication

Host: 11th Gen Intel(R) Core(TM) i3-1115G4 @ 3.00GHz, 4 cores, 7G,  Windows 11 , 64 bit Build 22621 (10.0.22621.1928)
Time: Thu Jul 24 07:44:59 2025 India Standard Time elapsed time: 519.404753 seconds (0d 0h 8m 39s)

---------------  T H R E A D  ---------------

Current thread (0x0000019c73b36440):  JavaThread "restartedMain" [_thread_in_Java, id=2900, stack(0x0000008286700000,0x0000008286800000)]

Stack: [0x0000008286700000,0x0000008286800000],  sp=0x00000082867fcdc8,  free space=1011k
Native frames: (J=compiled Java code, j=interpreted, Vv=VM code, C=native code)
C  0x0000019c541311ac


siginfo: EXCEPTION_ACCESS_VIOLATION (0xc0000005), reading address 0xffffffffffffffff


Register to memory mapping:

RIP=0x0000019c541311ac is at begin+68 in a stub
MethodHandle::interpreter_entry::_linkToSpecial [0x0000019c54131168, 0x0000019c541311b7] (79 bytes)
RAX=0x0000019c540f9efa is at code_begin+3482 in an Interpreter codelet
return entry points  [0x0000019c540f9160, 0x0000019c540fb380]  8736 bytes
RBX=0x89780db000000000 is an unknown value
RCX=0x00000082867fcdd0 is pointing into the stack for thread: 0x0000019c73b36440
RDX=0x0000000000000002 is an unknown value
RSP=0x00000082867fcdc8 is pointing into the stack for thread: 0x0000019c73b36440
RBP=0x00000082867fce18 is pointing into the stack for thread: 0x0000019c73b36440
RSI=0x0000019c6fa39ac8 points into unknown readable memory: 0x800007005e540a57 | 57 0a 54 5e 00 07 00 80
RDI=0x0000019c73388500 points into unknown readable memory: 0x0000001800000070 | 70 00 00 00 18 00 00 00
R8 =0x0000000000000004 is an unknown value
R9 =0x0000000000000004 is an unknown value
R10=0x0000000800000000 is pointing into metadata
R11={method} {0x00000008000c8c50} 'newInvokeSpecial' '(Ljava/lang/Object;)Ljava/lang/Object;' in 'java/lang/invoke/DirectMethodHandle$Holder'
R12=0x0 is NULL
R13=0x00000082867fcdc8 is pointing into the stack for thread: 0x0000019c73b36440
R14=0x00000082867fce38 is pointing into the stack for thread: 0x0000019c73b36440
R15=0x0000019c73b36440 is a thread


Registers:
RAX=0x0000019c540f9efa, RBX=0x89780db000000000, RCX=0x00000082867fcdd0, RDX=0x0000000000000002
RSP=0x00000082867fcdc8, RBP=0x00000082867fce18, RSI=0x0000019c6fa39ac8, RDI=0x0000019c73388500
R8 =0x0000000000000004, R9 =0x0000000000000004, R10=0x0000000800000000, R11=0x00000008000c8c48
R12=0x0000000000000000, R13=0x00000082867fcdc8, R14=0x00000082867fce38, R15=0x0000019c73b36440
RIP=0x0000019c541311ac, EFLAGS=0x0000000000010202

Top of Stack: (sp=0x00000082867fcdc8)
0x00000082867fcdc8:   0000019c540f9efa 00000082867fcdd0
0x00000082867fcdd8:   00000008006df207 00000082867fce38
0x00000082867fcde8:   00000008000c4a00 0000019c6ab59338
0x00000082867fcdf8:   0000000084f80388 00000008000c8c48
0x00000082867fce08:   00000082867fcdc8 00000082867fce40
0x00000082867fce18:   0000000089780d18 0000019c5bec0d06
0x00000082867fce28:   0000000089780cb8 0000000089780d60
0x00000082867fce38:   0000000089780d18 0000000089780af8
0x00000082867fce48:   0000000089780aa0 00000000851cac10
0x00000082867fce58:   0000000100000000 0000000089780af8
0x00000082867fce68:   0000000089780d48 0000008200000000
0x00000082867fce78:   0000000089780d18 0000000089780a28
0x00000082867fce88:   0000000000000001 000000008815b4b0
0x00000082867fce98:   0000000089780d18 0b90cfaa8801a420
0x00000082867fcea8:   0000000084f84d90 0000019c5bec00dc
0x00000082867fceb8:   0000000089780940 000000008812dca0 

Instructions: (pc=0x0000019c541311ac)
0x0000019c541310ac:   8b 59 14 8b 5b 28 8b 5b 24 48 8b 5b 10 48 85 db
0x0000019c541310bc:   0f 84 10 00 00 00 41 80 bf 80 04 00 00 00 74 03
0x0000019c541310cc:   ff 63 38 ff 63 50 e9 29 16 00 00 66 0f 1f 84 00
0x0000019c541310dc:   00 00 00 00 48 8b 53 08 0f b7 52 2c 48 8b 0c d4
0x0000019c541310ec:   58 5b 50 44 8b 51 08 49 bb 00 00 00 00 08 00 00
0x0000019c541310fc:   00 4d 03 d3 4c 8b 5b 10 4b 8b 9c da b8 01 00 00
0x0000019c5413110c:   48 85 db 0f 84 10 00 00 00 41 80 bf 80 04 00 00
0x0000019c5413111c:   00 74 03 ff 63 38 ff 63 50 e9 d6 15 00 00 66 66
0x0000019c5413112c:   66 0f 1f 84 00 00 00 00 00 66 66 66 90 0f 1f 80
0x0000019c5413113c:   00 00 00 00 58 5b 50 8b 5b 24 48 8b 5b 10 48 85
0x0000019c5413114c:   db 0f 84 10 00 00 00 41 80 bf 80 04 00 00 00 74
0x0000019c5413115c:   03 ff 63 38 ff 63 50 e9 98 15 00 00 66 66 66 0f
0x0000019c5413116c:   1f 84 00 00 00 00 00 66 66 66 90 66 0f 1f 84 00
0x0000019c5413117c:   00 00 00 00 48 8b 53 08 0f b7 52 2c 48 8b 0c d4
0x0000019c5413118c:   58 5b 50 48 3b 01 8b 5b 24 48 8b 5b 10 48 85 db
0x0000019c5413119c:   0f 84 10 00 00 00 41 80 bf 80 04 00 00 00 74 03
0x0000019c541311ac:   ff 63 38 ff 63 50 e9 49 15 00 00 66 0f 1f 84 00
0x0000019c541311bc:   00 00 00 00 48 8b 53 08 0f b7 52 2c 48 8b 0c d4
0x0000019c541311cc:   58 5b 50 44 8b 51 08 49 bb 00 00 00 00 08 00 00
0x0000019c541311dc:   00 4d 03 d3 8b 43 18 48 8b 40 10 48 8b 5b 10 45
0x0000019c541311ec:   8b 9a a0 00 00 00 4f 8d 9c da b8 01 00 00 4d 8d
0x0000019c541311fc:   14 da 49 8b 1b 48 3b c3 74 15 48 85 db 0f 84 32
0x0000019c5413120c:   00 00 00 49 83 c3 10 49 8b 1b 48 3b c3 75 eb 45
0x0000019c5413121c:   8b 5b 08 4b 8b 1c 1a 48 85 db 0f 84 10 00 00 00
0x0000019c5413122c:   41 80 bf 80 04 00 00 00 74 03 ff 63 38 ff 63 50
0x0000019c5413123c:   e9 bf 14 00 00 e9 ba 11 00 00 f4 00 00 00 00 00
0x0000019c5413124c:   00 00 00 00 00 00 00 00 00 00 00 00 00 00 00 00
0x0000019c5413125c:   00 00 00 00 00 00 00 00 00 00 00 00 00 00 00 00
0x0000019c5413126c:   00 00 00 00 00 00 00 00 00 00 00 00 00 00 00 00
0x0000019c5413127c:   00 00 00 00 00 00 00 00 00 00 00 00 00 00 00 00
0x0000019c5413128c:   00 00 00 00 00 00 00 00 00 00 00 00 00 00 00 00
0x0000019c5413129c:   00 00 00 00 00 00 00 00 00 00 00 00 00 00 00 00 


Stack slot to memory mapping:
stack at sp + 0 slots: 0x0000019c540f9efa is at code_begin+3482 in an Interpreter codelet
return entry points  [0x0000019c540f9160, 0x0000019c540fb380]  8736 bytes
stack at sp + 1 slots: 0x00000082867fcdd0 is pointing into the stack for thread: 0x0000019c73b36440
stack at sp + 2 slots: 0x00000008006df207 is pointing into metadata
stack at sp + 3 slots: 0x00000082867fce38 is pointing into the stack for thread: 0x0000019c73b36440
stack at sp + 4 slots: 0x00000008000c4a00 is pointing into metadata
stack at sp + 5 slots: 0x0000019c6ab59338 is pointing into metadata
stack at sp + 6 slots: 0x0000000084f80388 is an oop: java.lang.Class 
{0x0000000084f80388} - klass: 'java/lang/Class'
 - ---- fields (total size 14 words):
 - private volatile transient 'classRedefinedCount' 'I' @12  0
 - abstract internal 'klass' 'J' @16  34360542752 (c4620 8)
 - abstract internal 'array_klass' 'J' @24  0 (0 0)
 - abstract internal 'oop_size' 'I' @32  14 (e)
 - abstract internal 'static_oop_field_count' 'I' @36  0
 - private volatile transient 'cachedConstructor' 'Ljava/lang/reflect/Constructor;' @40  NULL (0)
 - private transient 'name' 'Ljava/lang/String;' @44  NULL (0)
 - private transient 'module' 'Ljava/lang/Module;' @48  a 'java/lang/Module'{0x0000000084f58a70} (84f58a70)
 - private final 'classLoader' 'Ljava/lang/ClassLoader;' @52  NULL (0)
 - private transient 'classData' 'Ljava/lang/Object;' @56  NULL (0)
 - private transient 'packageName' 'Ljava/lang/String;' @60  NULL (0)
 - private final 'componentType' 'Ljava/lang/Class;' @64  NULL (0)
 - private volatile transient 'reflectionData' 'Ljava/lang/ref/SoftReference;' @68  NULL (0)
 - private volatile transient 'genericInfo' 'Lsun/reflect/generics/repository/ClassRepository;' @72  NULL (0)
 - private volatile transient 'enumConstants' '[Ljava/lang/Object;' @76  NULL (0)
 - private volatile transient 'enumConstantDirectory' 'Ljava/util/Map;' @80  NULL (0)
 - private volatile transient 'annotationData' 'Ljava/lang/Class$AnnotationData;' @84  NULL (0)
 - private volatile transient 'annotationType' 'Lsun/reflect/annotation/AnnotationType;' @88  NULL (0)
 - transient 'classValueMap' 'Ljava/lang/ClassValue$ClassValueMap;' @92  NULL (0)
 - abstract internal 'protection_domain' 'Ljava/lang/Object;' @96  NULL (0)
 - abstract internal 'signers_name' 'Ljava/lang/Object;' @100  NULL (0)
 - abstract internal 'source_file' 'Ljava/lang/Object;' @104  NULL (0)
 - signature: Ljava/lang/invoke/DirectMethodHandle$Holder;
 - ---- static fields (0):
stack at sp + 7 slots: {method} {0x00000008000c8c50} 'newInvokeSpecial' '(Ljava/lang/Object;)Ljava/lang/Object;' in 'java/lang/invoke/DirectMethodHandle$Holder'

MethodHandle::interpreter_entry::_linkToSpecial [0x0000019c54131168, 0x0000019c541311b7] (79 bytes)
[MachCode]
  0x0000019c54131168: 6666 660f | 1f84 0000 | 0000 0066 | 6666 9066 | 0f1f 8400 | 0000 0000 | 488b 5308 | 0fb7 522c 
  0x0000019c54131188: 488b 0cd4 | 585b 5048 | 3b01 8b5b | 2448 8b5b | 1048 85db | 0f84 1000 | 0000 4180 | bf80 0400 
  0x0000019c541311a8: 0000 7403 | ff63 38ff | 6350 e949 | 
[/MachCode]

---------------  P R O C E S S  ---------------

Threads class SMR info:
_java_thread_list=0x0000019c6f160070, length=24, elements={
0x0000019c69ec5090, 0x0000019c69ec61d0, 0x0000019c69ee1920, 0x0000019c69ee22c0,
0x0000019c69ee3400, 0x0000019c69ee3da0, 0x0000019c69ee4a70, 0x0000019c69f14b80,
0x0000019c69f41180, 0x0000019c6e118680, 0x0000019c6e2a4e90, 0x0000019c6e2615f0,
0x0000019c6e263ae0, 0x0000019c6eabeac0, 0x0000019c71aa2c10, 0x0000019c73b34290,
0x0000019c72f04760, 0x0000019c72f025b0, 0x0000019c73b36440, 0x0000019c73b35100,
0x0000019c73b33420, 0x0000019c73b32f50, 0x0000019c73b34760, 0x0000019c73b338f0
}

Java Threads: ( => current thread )
  0x0000019c69ec5090 JavaThread "Reference Handler" daemon [_thread_blocked, id=26324, stack(0x0000008285100000,0x0000008285200000)]
  0x0000019c69ec61d0 JavaThread "Finalizer" daemon [_thread_blocked, id=37700, stack(0x0000008285200000,0x0000008285300000)]
  0x0000019c69ee1920 JavaThread "Signal Dispatcher" daemon [_thread_blocked, id=33808, stack(0x0000008285300000,0x0000008285400000)]
  0x0000019c69ee22c0 JavaThread "Attach Listener" daemon [_thread_blocked, id=10932, stack(0x0000008285400000,0x0000008285500000)]
  0x0000019c69ee3400 JavaThread "Service Thread" daemon [_thread_blocked, id=33592, stack(0x0000008285500000,0x0000008285600000)]
  0x0000019c69ee3da0 JavaThread "Monitor Deflation Thread" daemon [_thread_blocked, id=34524, stack(0x0000008285600000,0x0000008285700000)]
  0x0000019c69ee4a70 JavaThread "C2 CompilerThread0" daemon [_thread_blocked, id=38864, stack(0x0000008285700000,0x0000008285800000)]
  0x0000019c69f14b80 JavaThread "C1 CompilerThread0" daemon [_thread_blocked, id=40936, stack(0x0000008285800000,0x0000008285900000)]
  0x0000019c69f41180 JavaThread "Sweeper thread" daemon [_thread_blocked, id=42436, stack(0x0000008285900000,0x0000008285a00000)]
  0x0000019c6e118680 JavaThread "Common-Cleaner" daemon [_thread_blocked, id=14024, stack(0x0000008285a00000,0x0000008285b00000)]
  0x0000019c6e2a4e90 JavaThread "JDWP Transport Listener: dt_socket" daemon [_thread_blocked, id=4780, stack(0x0000008285b00000,0x0000008285c00000)]
  0x0000019c6e2615f0 JavaThread "JDWP Event Helper Thread" daemon [_thread_blocked, id=35092, stack(0x0000008285c00000,0x0000008285d00000)]
  0x0000019c6e263ae0 JavaThread "JDWP Command Reader" daemon [_thread_in_native, id=37948, stack(0x0000008285d00000,0x0000008285e00000)]
  0x0000019c6eabeac0 JavaThread "Notification Thread" daemon [_thread_blocked, id=34844, stack(0x0000008285f00000,0x0000008286000000)]
  0x0000019c71aa2c10 JavaThread "mysql-cj-abandoned-connection-cleanup" daemon [_thread_blocked, id=13344, stack(0x0000008286a00000,0x0000008286b00000)]
  0x0000019c73b34290 JavaThread "Live Reload Server" daemon [_thread_in_native, id=2348, stack(0x0000008287000000,0x0000008287100000)]
  0x0000019c72f04760 JavaThread "DestroyJavaVM" [_thread_blocked, id=12088, stack(0x0000008284a00000,0x0000008284b00000)]
  0x0000019c72f025b0 JavaThread "Thread-15" [_thread_blocked, id=36160, stack(0x0000008284800000,0x0000008284900000)]
=>0x0000019c73b36440 JavaThread "restartedMain" [_thread_in_Java, id=2900, stack(0x0000008286700000,0x0000008286800000)]
  0x0000019c73b35100 JavaThread "Catalina-utility-1" [_thread_blocked, id=42460, stack(0x0000008286500000,0x0000008286600000)]
  0x0000019c73b33420 JavaThread "Catalina-utility-2" [_thread_blocked, id=21524, stack(0x0000008286600000,0x0000008286700000)]
  0x0000019c73b32f50 JavaThread "container-0" [_thread_blocked, id=27228, stack(0x0000008286800000,0x0000008286900000)]
  0x0000019c73b34760 JavaThread "HikariPool-5:housekeeper" daemon [_thread_blocked, id=39576, stack(0x0000008286900000,0x0000008286a00000)]
  0x0000019c73b338f0 JavaThread "HikariPool-5:connection-adder" daemon [_thread_blocked, id=41612, stack(0x0000008286c00000,0x0000008286d00000)]

Other Threads:
  0x0000019c69ec0080 VMThread "VM Thread" [stack: 0x0000008285000000,0x0000008285100000] [id=42052]
  0x0000019c6eab5a30 WatcherThread "VM Periodic Task Thread" [stack: 0x0000008286000000,0x0000008286100000] [id=11024]
  0x0000019c4c8279d0 WorkerThread "GC Thread#0" [stack: 0x0000008284b00000,0x0000008284c00000] [id=41292]
  0x0000019c6eaa0760 WorkerThread "GC Thread#1" [stack: 0x0000008286100000,0x0000008286200000] [id=34732]
  0x0000019c6ecddd70 WorkerThread "GC Thread#2" [stack: 0x0000008286200000,0x0000008286300000] [id=31472]
  0x0000019c6eaa0ca0 WorkerThread "GC Thread#3" [stack: 0x0000008286300000,0x0000008286400000] [id=35688]
  0x0000019c4c837fd0 ConcurrentGCThread "G1 Main Marker" [stack: 0x0000008284c00000,0x0000008284d00000] [id=10792]
  0x0000019c4c8399d0 WorkerThread "G1 Conc#0" [stack: 0x0000008284d00000,0x0000008284e00000] [id=11900]
  0x0000019c4c8760b0 ConcurrentGCThread "G1 Refine#0" [stack: 0x0000008284e00000,0x0000008284f00000] [id=43032]
  0x0000019c6eb76450 ConcurrentGCThread "G1 Refine#1" [stack: 0x0000008286400000,0x0000008286500000] [id=37188]
  0x0000019c4c8779d0 ConcurrentGCThread "G1 Service" [stack: 0x0000008284f00000,0x0000008285000000] [id=33620]

Threads with active compile tasks:

VM state: not at safepoint (normal execution)

VM Mutex/Monitor currently owned by a thread: None

Heap address: 0x0000000084a00000, size: 1974 MB, Compressed Oops mode: 32-bit

CDS archive(s) mapped at: [0x0000000800000000-0x0000000800ba0000-0x0000000800ba0000), size 12189696, SharedBaseAddress: 0x0000000800000000, ArchiveRelocationMode: 0.
Compressed class space mapped at: 0x0000000800c00000-0x0000000840c00000, reserved size: 1073741824
Narrow klass base: 0x0000000800000000, Narrow klass shift: 0, Narrow klass range: 0x100000000

GC Precious Log:
 CardTable entry size: 512
 Card Set container configuration: InlinePtr #cards 5 size 8 Array Of Cards #cards 12 size 40 Howl #buckets 4 coarsen threshold 1843 Howl Bitmap #cards 512 size 80 coarsen threshold 460 Card regions per heap region 1 cards per card region 2048
 CPUs: 4 total, 4 available
 Memory: 7894M
 Large Page Support: Disabled
 NUMA Support: Disabled
 Compressed Oops: Enabled (32-bit)
 Heap Region Size: 1M
 Heap Min Capacity: 8M
 Heap Initial Capacity: 124M
 Heap Max Capacity: 1974M
 Pre-touch: Disabled
 Parallel Workers: 4
 Concurrent Workers: 1
 Concurrent Refinement Workers: 4
 Periodic GC: Disabled

Heap:
 garbage-first heap   total 94208K, used 55650K [0x0000000084a00000, 0x0000000100000000)
  region size 1024K, 20 young (20480K), 4 survivors (4096K)
 Metaspace       used 71318K, committed 72128K, reserved 1114112K
  class space    used 9268K, committed 9664K, reserved 1048576K

Heap Regions: E=young(eden), S=young(survivor), O=old, HS=humongous(starts), HC=humongous(continues), CS=collection set, F=free, OA=open archive, CA=closed archive, TAMS=top-at-mark-start (previous, next)
|   0|0x0000000084a00000, 0x0000000084b00000, 0x0000000084b00000|100%|HS|  |TAMS 0x0000000084b00000, 0x0000000084a00000| Untracked 
|   1|0x0000000084b00000, 0x0000000084c00000, 0x0000000084c00000|100%|HS|  |TAMS 0x0000000084c00000, 0x0000000084b00000| Untracked 
|   2|0x0000000084c00000, 0x0000000084d00000, 0x0000000084d00000|100%| O|  |TAMS 0x0000000084d00000, 0x0000000084c00000| Untracked 
|   3|0x0000000084d00000, 0x0000000084dfffc0, 0x0000000084e00000| 99%| O|  |TAMS 0x0000000084dfffc0, 0x0000000084d00000| Untracked 
|   4|0x0000000084e00000, 0x0000000084f00000, 0x0000000084f00000|100%| O|  |TAMS 0x0000000084f00000, 0x0000000084e00000| Untracked 
|   5|0x0000000084f00000, 0x0000000084fffff8, 0x0000000085000000| 99%| O|  |TAMS 0x0000000084fffff8, 0x0000000084f00000| Untracked 
|   6|0x0000000085000000, 0x0000000085100000, 0x0000000085100000|100%| O|  |TAMS 0x0000000085100000, 0x0000000085000000| Untracked 
|   7|0x0000000085100000, 0x00000000851fffe0, 0x0000000085200000| 99%| O|  |TAMS 0x00000000851fffe0, 0x0000000085100000| Untracked 
|   8|0x0000000085200000, 0x00000000852fffe0, 0x0000000085300000| 99%| O|  |TAMS 0x00000000852fffe0, 0x0000000085200000| Untracked 
|   9|0x0000000085300000, 0x00000000853fffb0, 0x0000000085400000| 99%| O|  |TAMS 0x00000000853fffb0, 0x0000000085300000| Untracked 
|  10|0x0000000085400000, 0x00000000854ffff8, 0x0000000085500000| 99%| O|  |TAMS 0x00000000854ffff8, 0x0000000085400000| Untracked 
|  11|0x0000000085500000, 0x00000000855ffff8, 0x0000000085600000| 99%| O|  |TAMS 0x00000000855ffff8, 0x0000000085500000| Untracked 
|  12|0x0000000085600000, 0x00000000856fffb8, 0x0000000085700000| 99%| O|  |TAMS 0x00000000856fffb8, 0x0000000085600000| Untracked 
|  13|0x0000000085700000, 0x00000000857ffff0, 0x0000000085800000| 99%| O|  |TAMS 0x00000000857ffff0, 0x0000000085700000| Untracked 
|  14|0x0000000085800000, 0x00000000858ffff8, 0x0000000085900000| 99%| O|  |TAMS 0x00000000858ffff8, 0x0000000085800000| Untracked 
|  15|0x0000000085900000, 0x00000000859ffff0, 0x0000000085a00000| 99%| O|  |TAMS 0x00000000859ffff0, 0x0000000085900000| Untracked 
|  16|0x0000000085a00000, 0x0000000085afffe8, 0x0000000085b00000| 99%| O|  |TAMS 0x0000000085afffe8, 0x0000000085a00000| Untracked 
|  17|0x0000000085b00000, 0x0000000085bfffe8, 0x0000000085c00000| 99%| O|  |TAMS 0x0000000085bfffe8, 0x0000000085b00000| Untracked 
|  18|0x0000000085c00000, 0x0000000085cfffe0, 0x0000000085d00000| 99%| O|  |TAMS 0x0000000085cfffe0, 0x0000000085c00000| Untracked 
|  19|0x0000000085d00000, 0x0000000085dfffb8, 0x0000000085e00000| 99%| O|  |TAMS 0x0000000085dfffb8, 0x0000000085d00000| Untracked 
|  20|0x0000000085e00000, 0x0000000085efffc0, 0x0000000085f00000| 99%| O|  |TAMS 0x0000000085efffc0, 0x0000000085e00000| Untracked 
|  21|0x0000000085f00000, 0x0000000086000000, 0x0000000086000000|100%| O|  |TAMS 0x0000000086000000, 0x0000000085f00000| Untracked 
|  22|0x0000000086000000, 0x00000000860ffff8, 0x0000000086100000| 99%| O|  |TAMS 0x00000000860ffff8, 0x0000000086000000| Untracked 
|  23|0x0000000086100000, 0x00000000861fffd8, 0x0000000086200000| 99%| O|  |TAMS 0x00000000861fffd8, 0x0000000086100000| Untracked 
|  24|0x0000000086200000, 0x00000000862ffff8, 0x0000000086300000| 99%| O|  |TAMS 0x00000000862ffff8, 0x0000000086200000| Untracked 
|  25|0x0000000086300000, 0x00000000863fffe0, 0x0000000086400000| 99%| O|  |TAMS 0x00000000863fffe0, 0x0000000086300000| Untracked 
|  26|0x0000000086400000, 0x00000000864ffff0, 0x0000000086500000| 99%| O|  |TAMS 0x00000000864ffff0, 0x0000000086400000| Untracked 
|  27|0x0000000086500000, 0x00000000865ffff8, 0x0000000086600000| 99%| O|  |TAMS 0x00000000865ffff8, 0x0000000086500000| Untracked 
|  28|0x0000000086600000, 0x00000000866ffff8, 0x0000000086700000| 99%| O|  |TAMS 0x00000000866ffff8, 0x0000000086600000| Untracked 
|  29|0x0000000086700000, 0x00000000867fffd8, 0x0000000086800000| 99%| O|  |TAMS 0x0000000086700000, 0x0000000086700000| Untracked 
|  30|0x0000000086800000, 0x00000000868fffe0, 0x0000000086900000| 99%| O|  |TAMS 0x0000000086800000, 0x0000000086800000| Untracked 
|  31|0x0000000086900000, 0x00000000869c9f68, 0x0000000086a00000| 78%| O|  |TAMS 0x0000000086900000, 0x0000000086900000| Untracked 
|  32|0x0000000086a00000, 0x0000000086a00000, 0x0000000086b00000|  0%| F|  |TAMS 0x0000000086a00000, 0x0000000086a00000| Untracked 
|  33|0x0000000086b00000, 0x0000000086b00000, 0x0000000086c00000|  0%| F|  |TAMS 0x0000000086b00000, 0x0000000086b00000| Untracked 
|  34|0x0000000086c00000, 0x0000000086c00000, 0x0000000086d00000|  0%| F|  |TAMS 0x0000000086c00000, 0x0000000086c00000| Untracked 
|  35|0x0000000086d00000, 0x0000000086d00000, 0x0000000086e00000|  0%| F|  |TAMS 0x0000000086d00000, 0x0000000086d00000| Untracked 
|  36|0x0000000086e00000, 0x0000000086e00000, 0x0000000086f00000|  0%| F|  |TAMS 0x0000000086e00000, 0x0000000086e00000| Untracked 
|  37|0x0000000086f00000, 0x0000000086f00000, 0x0000000087000000|  0%| F|  |TAMS 0x0000000086f00000, 0x0000000086f00000| Untracked 
|  38|0x0000000087000000, 0x00000000870fffe8, 0x0000000087100000| 99%| O|  |TAMS 0x00000000870fffe8, 0x0000000087000000| Untracked 
|  39|0x0000000087100000, 0x0000000087100000, 0x0000000087200000|  0%| F|  |TAMS 0x0000000087100000, 0x0000000087100000| Untracked 
|  40|0x0000000087200000, 0x0000000087200000, 0x0000000087300000|  0%| F|  |TAMS 0x0000000087200000, 0x0000000087200000| Untracked 
|  41|0x0000000087300000, 0x0000000087300000, 0x0000000087400000|  0%| F|  |TAMS 0x0000000087300000, 0x0000000087300000| Untracked 
|  42|0x0000000087400000, 0x00000000874fff58, 0x0000000087500000| 99%| O|  |TAMS 0x0000000087400000, 0x0000000087400000| Untracked 
|  43|0x0000000087500000, 0x000000008751e478, 0x0000000087600000| 11%| O|  |TAMS 0x0000000087500000, 0x0000000087500000| Untracked 
|  44|0x0000000087600000, 0x0000000087600000, 0x0000000087700000|  0%| F|  |TAMS 0x0000000087600000, 0x0000000087600000| Untracked 
|  45|0x0000000087700000, 0x0000000087700000, 0x0000000087800000|  0%| F|  |TAMS 0x0000000087700000, 0x0000000087700000| Untracked 
|  46|0x0000000087800000, 0x0000000087900000, 0x0000000087900000|100%| O|  |TAMS 0x0000000087900000, 0x0000000087800000| Untracked 
|  47|0x0000000087900000, 0x0000000087900000, 0x0000000087a00000|  0%| F|  |TAMS 0x0000000087900000, 0x0000000087900000| Untracked 
|  48|0x0000000087a00000, 0x0000000087a00000, 0x0000000087b00000|  0%| F|  |TAMS 0x0000000087a00000, 0x0000000087a00000| Untracked 
|  49|0x0000000087b00000, 0x0000000087b00000, 0x0000000087c00000|  0%| F|  |TAMS 0x0000000087b00000, 0x0000000087b00000| Untracked 
|  50|0x0000000087c00000, 0x0000000087cffff0, 0x0000000087d00000| 99%| O|  |TAMS 0x0000000087c00000, 0x0000000087c00000| Untracked 
|  51|0x0000000087d00000, 0x0000000087de3fa8, 0x0000000087e00000| 89%| S|CS|TAMS 0x0000000087d00000, 0x0000000087d00000| Complete 
|  52|0x0000000087e00000, 0x0000000087e8c838, 0x0000000087f00000| 54%| O|  |TAMS 0x0000000087e00000, 0x0000000087e00000| Untracked 
|  53|0x0000000087f00000, 0x0000000088000000, 0x0000000088000000|100%| S|CS|TAMS 0x0000000087f00000, 0x0000000087f00000| Complete 
|  54|0x0000000088000000, 0x0000000088100000, 0x0000000088100000|100%| S|CS|TAMS 0x0000000088000000, 0x0000000088000000| Complete 
|  55|0x0000000088100000, 0x0000000088200000, 0x0000000088200000|100%| S|CS|TAMS 0x0000000088100000, 0x0000000088100000| Complete 
|  56|0x0000000088200000, 0x0000000088200000, 0x0000000088300000|  0%| F|  |TAMS 0x0000000088200000, 0x0000000088200000| Untracked 
|  57|0x0000000088300000, 0x0000000088300000, 0x0000000088400000|  0%| F|  |TAMS 0x0000000088300000, 0x0000000088300000| Untracked 
|  58|0x0000000088400000, 0x0000000088400000, 0x0000000088500000|  0%| F|  |TAMS 0x0000000088400000, 0x0000000088400000| Untracked 
|  59|0x0000000088500000, 0x0000000088500000, 0x0000000088600000|  0%| F|  |TAMS 0x0000000088500000, 0x0000000088500000| Untracked 
|  60|0x0000000088600000, 0x0000000088600000, 0x0000000088700000|  0%| F|  |TAMS 0x0000000088600000, 0x0000000088600000| Untracked 
|  61|0x0000000088700000, 0x0000000088700000, 0x0000000088800000|  0%| F|  |TAMS 0x0000000088700000, 0x0000000088700000| Untracked 
|  62|0x0000000088800000, 0x0000000088800000, 0x0000000088900000|  0%| F|  |TAMS 0x0000000088800000, 0x0000000088800000| Untracked 
|  63|0x0000000088900000, 0x0000000088900000, 0x0000000088a00000|  0%| F|  |TAMS 0x0000000088900000, 0x0000000088900000| Untracked 
|  64|0x0000000088a00000, 0x0000000088a00000, 0x0000000088b00000|  0%| F|  |TAMS 0x0000000088a00000, 0x0000000088a00000| Untracked 
|  65|0x0000000088b00000, 0x0000000088b00000, 0x0000000088c00000|  0%| F|  |TAMS 0x0000000088b00000, 0x0000000088b00000| Untracked 
|  66|0x0000000088c00000, 0x0000000088c00000, 0x0000000088d00000|  0%| F|  |TAMS 0x0000000088c00000, 0x0000000088c00000| Untracked 
|  67|0x0000000088d00000, 0x0000000088d00000, 0x0000000088e00000|  0%| F|  |TAMS 0x0000000088d00000, 0x0000000088d00000| Untracked 
|  68|0x0000000088e00000, 0x0000000088e00000, 0x0000000088f00000|  0%| F|  |TAMS 0x0000000088e00000, 0x0000000088e00000| Untracked 
|  69|0x0000000088f00000, 0x0000000088f00000, 0x0000000089000000|  0%| F|  |TAMS 0x0000000088f00000, 0x0000000088f00000| Untracked 
|  70|0x0000000089000000, 0x0000000089000000, 0x0000000089100000|  0%| F|  |TAMS 0x0000000089000000, 0x0000000089000000| Untracked 
|  71|0x0000000089100000, 0x0000000089100000, 0x0000000089200000|  0%| F|  |TAMS 0x0000000089100000, 0x0000000089100000| Untracked 
|  72|0x0000000089200000, 0x0000000089200000, 0x0000000089300000|  0%| F|  |TAMS 0x0000000089200000, 0x0000000089200000| Untracked 
|  73|0x0000000089300000, 0x0000000089300000, 0x0000000089400000|  0%| F|  |TAMS 0x0000000089300000, 0x0000000089300000| Untracked 
|  74|0x0000000089400000, 0x0000000089400000, 0x0000000089500000|  0%| F|  |TAMS 0x0000000089400000, 0x0000000089400000| Untracked 
|  75|0x0000000089500000, 0x0000000089500000, 0x0000000089600000|  0%| F|  |TAMS 0x0000000089500000, 0x0000000089500000| Untracked 
|  76|0x0000000089600000, 0x00000000896d9ae0, 0x0000000089700000| 85%| E|  |TAMS 0x0000000089600000, 0x0000000089600000| Complete 
|  77|0x0000000089700000, 0x0000000089800000, 0x0000000089800000|100%| E|CS|TAMS 0x0000000089700000, 0x0000000089700000| Complete 
|  78|0x0000000089800000, 0x0000000089900000, 0x0000000089900000|100%| E|CS|TAMS 0x0000000089800000, 0x0000000089800000| Complete 
|  79|0x0000000089900000, 0x0000000089a00000, 0x0000000089a00000|100%| E|CS|TAMS 0x0000000089900000, 0x0000000089900000| Complete 
|  80|0x0000000089a00000, 0x0000000089b00000, 0x0000000089b00000|100%| E|CS|TAMS 0x0000000089a00000, 0x0000000089a00000| Complete 
|  81|0x0000000089b00000, 0x0000000089c00000, 0x0000000089c00000|100%| E|CS|TAMS 0x0000000089b00000, 0x0000000089b00000| Complete 
|  82|0x0000000089c00000, 0x0000000089d00000, 0x0000000089d00000|100%| E|CS|TAMS 0x0000000089c00000, 0x0000000089c00000| Complete 
|  83|0x0000000089d00000, 0x0000000089e00000, 0x0000000089e00000|100%| E|CS|TAMS 0x0000000089d00000, 0x0000000089d00000| Complete 
|  84|0x0000000089e00000, 0x0000000089f00000, 0x0000000089f00000|100%| E|CS|TAMS 0x0000000089e00000, 0x0000000089e00000| Complete 
|  85|0x0000000089f00000, 0x000000008a000000, 0x000000008a000000|100%| E|CS|TAMS 0x0000000089f00000, 0x0000000089f00000| Complete 
|  86|0x000000008a000000, 0x000000008a100000, 0x000000008a100000|100%| E|CS|TAMS 0x000000008a000000, 0x000000008a000000| Complete 
|  87|0x000000008a100000, 0x000000008a200000, 0x000000008a200000|100%| E|CS|TAMS 0x000000008a100000, 0x000000008a100000| Complete 
|  88|0x000000008a200000, 0x000000008a300000, 0x000000008a300000|100%| E|CS|TAMS 0x000000008a200000, 0x000000008a200000| Complete 
| 123|0x000000008c500000, 0x000000008c600000, 0x000000008c600000|100%| E|CS|TAMS 0x000000008c500000, 0x000000008c500000| Complete 
|1972|0x00000000ffe00000, 0x00000000fff00000, 0x00000000fff00000|100%| E|  |TAMS 0x00000000ffe00000, 0x00000000ffe00000| Complete 
|1973|0x00000000fff00000, 0x0000000100000000, 0x0000000100000000|100%| E|CS|TAMS 0x00000000fff00000, 0x00000000fff00000| Complete 

Card table byte_map: [0x0000019c634d0000,0x0000019c638b0000] _byte_map_base: 0x0000019c630ab000

Marking Bits (Prev, Next): (CMBitMap*) 0x0000019c4c828020, (CMBitMap*) 0x0000019c4c827fe0
 Prev Bits: [0x0000019c65b70000, 0x0000019c67a48000)
 Next Bits: [0x0000019c63c90000, 0x0000019c65b68000)

Polling page: 0x0000019c4bf80000

Metaspace:

Usage:
  Non-class:     60.60 MB used.
      Class:      9.05 MB used.
       Both:     69.65 MB used.

Virtual space:
  Non-class space:       64.00 MB reserved,      61.00 MB ( 95%) committed,  1 nodes.
      Class space:        1.00 GB reserved,       9.44 MB ( <1%) committed,  1 nodes.
             Both:        1.06 GB reserved,      70.44 MB (  6%) committed. 

Chunk freelists:
   Non-Class:  2.95 MB
       Class:  2.46 MB
        Both:  5.42 MB

MaxMetaspaceSize: unlimited
CompressedClassSpaceSize: 1.00 GB
Initial GC threshold: 21.00 MB
Current GC threshold: 117.19 MB
CDS: on
MetaspaceReclaimPolicy: balanced
 - commit_granule_bytes: 65536.
 - commit_granule_words: 8192.
 - virtual_space_node_default_size: 8388608.
 - enlarge_chunks_in_place: 1.
 - new_chunks_are_fully_committed: 0.
 - uncommit_free_chunks: 1.
 - use_allocation_guard: 0.


Internal statistics:

num_allocs_failed_limit: 9.
num_arena_births: 1154.
num_arena_deaths: 0.
num_vsnodes_births: 2.
num_vsnodes_deaths: 0.
num_space_committed: 1127.
num_space_uncommitted: 0.
num_chunks_returned_to_freelist: 9.
num_chunks_taken_from_freelist: 3742.
num_chunk_merges: 9.
num_chunk_splits: 2683.
num_chunks_enlarged: 2114.
num_inconsistent_stats: 0.

CodeHeap 'non-profiled nmethods': size=120000Kb used=6545Kb max_used=6545Kb free=113454Kb
 bounds [0x0000019c5bbc0000, 0x0000019c5c230000, 0x0000019c630f0000]
CodeHeap 'profiled nmethods': size=120000Kb used=16217Kb max_used=16217Kb free=103782Kb
 bounds [0x0000019c54690000, 0x0000019c55670000, 0x0000019c5bbc0000]
CodeHeap 'non-nmethods': size=5760Kb used=1433Kb max_used=1496Kb free=4326Kb
 bounds [0x0000019c540f0000, 0x0000019c54360000, 0x0000019c54690000]
 total_blobs=8728 nmethods=8049 adapters=591
 compilation: enabled
              stopped_count=0, restarted_count=0
 full_count=0

Compilation events (20 events):
Event: 516.399 Thread 0x0000019c69f14b80 9193       3       java.io.FileDescriptor::<init> (17 bytes)
Event: 516.400 Thread 0x0000019c69f14b80 nmethod 9193 0x0000019c5565d510 code [0x0000019c5565d6a0, 0x0000019c5565d818]
Event: 516.401 Thread 0x0000019c69ee4a70 9194       4       java.util.TreeMap::get (19 bytes)
Event: 516.402 Thread 0x0000019c69ee4a70 nmethod 9194 0x0000019c5c224410 code [0x0000019c5c2245a0, 0x0000019c5c224648]
Event: 516.402 Thread 0x0000019c69f14b80 9195   !   3       com.mysql.cj.protocol.a.NativeProtocol::sendCommand (456 bytes)
Event: 516.404 Thread 0x0000019c69f14b80 nmethod 9195 0x0000019c5565d910 code [0x0000019c5565dd80, 0x0000019c55660788]
Event: 516.404 Thread 0x0000019c69f14b80 9196       3       com.mysql.cj.protocol.a.MultiPacketReader::resetMessageSequence (10 bytes)
Event: 516.404 Thread 0x0000019c69f14b80 nmethod 9196 0x0000019c55661e10 code [0x0000019c55661fc0, 0x0000019c556621a8]
Event: 516.404 Thread 0x0000019c69f14b80 9197       3       com.mysql.cj.protocol.ReadAheadInputStream::available (22 bytes)
Event: 516.404 Thread 0x0000019c69f14b80 nmethod 9197 0x0000019c55662290 code [0x0000019c55662460, 0x0000019c556627b8]
Event: 516.449 Thread 0x0000019c69f14b80 9198       3       sun.nio.ch.NioSocketImpl::intValue (43 bytes)
Event: 516.450 Thread 0x0000019c69f14b80 nmethod 9198 0x0000019c55662910 code [0x0000019c55662b60, 0x0000019c55663418]
Event: 516.492 Thread 0x0000019c69f14b80 9199 %     3       java.util.Arrays::fill @ 5 (21 bytes)
Event: 516.492 Thread 0x0000019c69f14b80 nmethod 9199% 0x0000019c55663710 code [0x0000019c556638c0, 0x0000019c55663b38]
Event: 516.492 Thread 0x0000019c69f14b80 9200       3       java.util.Collections$SynchronizedCollection::iterator (10 bytes)
Event: 516.492 Thread 0x0000019c69f14b80 nmethod 9200 0x0000019c55663c90 code [0x0000019c55663e40, 0x0000019c55664028]
Event: 516.495 Thread 0x0000019c69f14b80 9201       3       sun.nio.ch.NioSocketImpl::ensureOpenAndConnected (36 bytes)
Event: 516.495 Thread 0x0000019c69f14b80 nmethod 9201 0x0000019c55664110 code [0x0000019c556642e0, 0x0000019c55664638]
Event: 516.495 Thread 0x0000019c69f14b80 9202   !   3       com.mysql.cj.protocol.a.SimplePacketReader::readHeaderLocal (109 bytes)
Event: 516.496 Thread 0x0000019c69f14b80 nmethod 9202 0x0000019c55664790 code [0x0000019c55664a80, 0x0000019c55665ab8]

GC Heap History (20 events):
Event: 11.982 GC heap before
{Heap before GC invocations=21 (full 0):
 garbage-first heap   total 94208K, used 77005K [0x0000000084a00000, 0x0000000100000000)
  region size 1024K, 51 young (52224K), 4 survivors (4096K)
 Metaspace       used 63020K, committed 63744K, reserved 1114112K
  class space    used 8430K, committed 8768K, reserved 1048576K
}
Event: 11.992 GC heap after
{Heap after GC invocations=22 (full 0):
 garbage-first heap   total 94208K, used 31946K [0x0000000084a00000, 0x0000000100000000)
  region size 1024K, 7 young (7168K), 7 survivors (7168K)
 Metaspace       used 63020K, committed 63744K, reserved 1114112K
  class space    used 8430K, committed 8768K, reserved 1048576K
}
Event: 135.242 GC heap before
{Heap before GC invocations=22 (full 0):
 garbage-first heap   total 94208K, used 73930K [0x0000000084a00000, 0x0000000100000000)
  region size 1024K, 49 young (50176K), 7 survivors (7168K)
 Metaspace       used 68307K, committed 69056K, reserved 1114112K
  class space    used 9062K, committed 9408K, reserved 1048576K
}
Event: 135.258 GC heap after
{Heap after GC invocations=23 (full 0):
 garbage-first heap   total 94208K, used 33032K [0x0000000084a00000, 0x0000000100000000)
  region size 1024K, 5 young (5120K), 5 survivors (5120K)
 Metaspace       used 68307K, committed 69056K, reserved 1114112K
  class space    used 9062K, committed 9408K, reserved 1048576K
}
Event: 276.278 GC heap before
{Heap before GC invocations=23 (full 0):
 garbage-first heap   total 94208K, used 47368K [0x0000000084a00000, 0x0000000100000000)
  region size 1024K, 20 young (20480K), 5 survivors (5120K)
 Metaspace       used 69275K, committed 70080K, reserved 1114112K
  class space    used 9213K, committed 9600K, reserved 1048576K
}
Event: 276.325 GC heap after
{Heap after GC invocations=24 (full 1):
 garbage-first heap   total 94208K, used 28012K [0x0000000084a00000, 0x0000000100000000)
  region size 1024K, 0 young (0K), 0 survivors (0K)
 Metaspace       used 69275K, committed 70080K, reserved 1114112K
  class space    used 9213K, committed 9600K, reserved 1048576K
}
Event: 277.191 GC heap before
{Heap before GC invocations=24 (full 1):
 garbage-first heap   total 94208K, used 74092K [0x0000000084a00000, 0x0000000100000000)
  region size 1024K, 46 young (47104K), 0 survivors (0K)
 Metaspace       used 69741K, committed 70528K, reserved 1114112K
  class space    used 9217K, committed 9600K, reserved 1048576K
}
Event: 277.196 GC heap after
{Heap after GC invocations=25 (full 1):
 garbage-first heap   total 94208K, used 32997K [0x0000000084a00000, 0x0000000100000000)
  region size 1024K, 5 young (5120K), 5 survivors (5120K)
 Metaspace       used 69741K, committed 70528K, reserved 1114112K
  class space    used 9217K, committed 9600K, reserved 1048576K
}
Event: 411.164 GC heap before
{Heap before GC invocations=25 (full 1):
 garbage-first heap   total 94208K, used 61669K [0x0000000084a00000, 0x0000000100000000)
  region size 1024K, 34 young (34816K), 5 survivors (5120K)
 Metaspace       used 70245K, committed 71040K, reserved 1114112K
  class space    used 9228K, committed 9600K, reserved 1048576K
}
Event: 411.213 GC heap after
{Heap after GC invocations=26 (full 2):
 garbage-first heap   total 94208K, used 31486K [0x0000000084a00000, 0x0000000100000000)
  region size 1024K, 0 young (0K), 0 survivors (0K)
 Metaspace       used 70245K, committed 71040K, reserved 1114112K
  class space    used 9228K, committed 9600K, reserved 1048576K
}
Event: 412.110 GC heap before
{Heap before GC invocations=26 (full 2):
 garbage-first heap   total 94208K, used 73470K [0x0000000084a00000, 0x0000000100000000)
  region size 1024K, 42 young (43008K), 0 survivors (0K)
 Metaspace       used 70391K, committed 71168K, reserved 1114112K
  class space    used 9234K, committed 9600K, reserved 1048576K
}
Event: 412.116 GC heap after
{Heap after GC invocations=27 (full 2):
 garbage-first heap   total 94208K, used 35582K [0x0000000084a00000, 0x0000000100000000)
  region size 1024K, 4 young (4096K), 4 survivors (4096K)
 Metaspace       used 70391K, committed 71168K, reserved 1114112K
  class space    used 9234K, committed 9600K, reserved 1048576K
}
Event: 507.049 GC heap before
{Heap before GC invocations=27 (full 2):
 garbage-first heap   total 94208K, used 66302K [0x0000000084a00000, 0x0000000100000000)
  region size 1024K, 35 young (35840K), 4 survivors (4096K)
 Metaspace       used 70719K, committed 71616K, reserved 1114112K
  class space    used 9245K, committed 9664K, reserved 1048576K
}
Event: 507.092 GC heap after
{Heap after GC invocations=28 (full 3):
 garbage-first heap   total 94208K, used 34431K [0x0000000084a00000, 0x0000000100000000)
  region size 1024K, 0 young (0K), 0 survivors (0K)
 Metaspace       used 70719K, committed 71616K, reserved 1114112K
  class space    used 9245K, committed 9664K, reserved 1048576K
}
Event: 507.515 GC heap before
{Heap before GC invocations=28 (full 3):
 garbage-first heap   total 94208K, used 74367K [0x0000000084a00000, 0x0000000100000000)
  region size 1024K, 39 young (39936K), 0 survivors (0K)
 Metaspace       used 70796K, committed 71616K, reserved 1114112K
  class space    used 9249K, committed 9664K, reserved 1048576K
}
Event: 507.519 GC heap after
{Heap after GC invocations=29 (full 3):
 garbage-first heap   total 94208K, used 38273K [0x0000000084a00000, 0x0000000100000000)
  region size 1024K, 4 young (4096K), 4 survivors (4096K)
 Metaspace       used 70796K, committed 71616K, reserved 1114112K
  class space    used 9249K, committed 9664K, reserved 1048576K
}
Event: 515.516 GC heap before
{Heap before GC invocations=29 (full 3):
 garbage-first heap   total 94208K, used 68993K [0x0000000084a00000, 0x0000000100000000)
  region size 1024K, 36 young (36864K), 4 survivors (4096K)
 Metaspace       used 71111K, committed 72000K, reserved 1114112K
  class space    used 9260K, committed 9664K, reserved 1048576K
}
Event: 515.562 GC heap after
{Heap after GC invocations=30 (full 4):
 garbage-first heap   total 94208K, used 37330K [0x0000000084a00000, 0x0000000100000000)
  region size 1024K, 0 young (0K), 0 survivors (0K)
 Metaspace       used 71111K, committed 72000K, reserved 1114112K
  class space    used 9260K, committed 9664K, reserved 1048576K
}
Event: 515.915 GC heap before
{Heap before GC invocations=30 (full 4):
 garbage-first heap   total 94208K, used 73170K [0x0000000084a00000, 0x0000000100000000)
  region size 1024K, 36 young (36864K), 0 survivors (0K)
 Metaspace       used 71184K, committed 72064K, reserved 1114112K
  class space    used 9263K, committed 9664K, reserved 1048576K
}
Event: 515.917 GC heap after
{Heap after GC invocations=31 (full 4):
 garbage-first heap   total 94208K, used 41314K [0x0000000084a00000, 0x0000000100000000)
  region size 1024K, 4 young (4096K), 4 survivors (4096K)
 Metaspace       used 71184K, committed 72064K, reserved 1114112K
  class space    used 9263K, committed 9664K, reserved 1048576K
}

Deoptimization events (20 events):
Event: 516.065 Thread 0x0000019c73b36440 DEOPT PACKING pc=0x0000019c54c2d521 sp=0x00000082867fceb0
Event: 516.065 Thread 0x0000019c73b36440 DEOPT UNPACKING pc=0x0000019c54146763 sp=0x00000082867fc388 mode 1
Event: 516.065 Thread 0x0000019c73b36440 DEOPT PACKING pc=0x0000019c54c2becc sp=0x00000082867fcf40
Event: 516.065 Thread 0x0000019c73b36440 DEOPT UNPACKING pc=0x0000019c54146763 sp=0x00000082867fc4e0 mode 1
Event: 516.065 Thread 0x0000019c73b36440 DEOPT PACKING pc=0x0000019c54c2949c sp=0x00000082867fd0a0
Event: 516.065 Thread 0x0000019c73b36440 DEOPT UNPACKING pc=0x0000019c54146763 sp=0x00000082867fc640 mode 1
Event: 516.070 Thread 0x0000019c73b36440 DEOPT PACKING pc=0x0000019c54c2d521 sp=0x00000082867fcfd0
Event: 516.070 Thread 0x0000019c73b36440 DEOPT UNPACKING pc=0x0000019c54146763 sp=0x00000082867fc4a8 mode 1
Event: 516.070 Thread 0x0000019c73b36440 DEOPT PACKING pc=0x0000019c54c2becc sp=0x00000082867fd060
Event: 516.070 Thread 0x0000019c73b36440 DEOPT UNPACKING pc=0x0000019c54146763 sp=0x00000082867fc600 mode 1
Event: 516.070 Thread 0x0000019c73b36440 DEOPT PACKING pc=0x0000019c54c2949c sp=0x00000082867fd1c0
Event: 516.070 Thread 0x0000019c73b36440 DEOPT UNPACKING pc=0x0000019c54146763 sp=0x00000082867fc760 mode 1
Event: 519.327 Thread 0x0000019c73b36440 DEOPT PACKING pc=0x0000019c54b93d24 sp=0x00000082867fcdd0
Event: 519.327 Thread 0x0000019c73b36440 DEOPT UNPACKING pc=0x0000019c54146763 sp=0x00000082867fc288 mode 0
Event: 519.337 Thread 0x0000019c6e2a4e90 DEOPT PACKING pc=0x0000019c54c2d521 sp=0x0000008285bfb1d0
Event: 519.337 Thread 0x0000019c6e2a4e90 DEOPT UNPACKING pc=0x0000019c54146763 sp=0x0000008285bfa6a8 mode 1
Event: 519.337 Thread 0x0000019c6e2a4e90 DEOPT PACKING pc=0x0000019c54c2becc sp=0x0000008285bfb260
Event: 519.337 Thread 0x0000019c6e2a4e90 DEOPT UNPACKING pc=0x0000019c54146763 sp=0x0000008285bfa800 mode 1
Event: 519.337 Thread 0x0000019c6e2a4e90 DEOPT PACKING pc=0x0000019c54c2949c sp=0x0000008285bfb3c0
Event: 519.337 Thread 0x0000019c6e2a4e90 DEOPT UNPACKING pc=0x0000019c54146763 sp=0x0000008285bfa960 mode 1

Classes loaded (20 events):
Event: 276.235 Loading class java/security/KeyException done
Event: 276.235 Loading class java/security/InvalidKeyException done
Event: 276.235 Loading class java/security/SignatureException
Event: 276.235 Loading class java/security/SignatureException done
Event: 276.235 Loading class javax/crypto/NoSuchPaddingException
Event: 276.236 Loading class javax/crypto/NoSuchPaddingException done
Event: 276.236 Loading class javax/crypto/IllegalBlockSizeException
Event: 276.236 Loading class javax/crypto/IllegalBlockSizeException done
Event: 276.236 Loading class java/security/spec/InvalidKeySpecException
Event: 276.236 Loading class java/security/spec/InvalidKeySpecException done
Event: 276.236 Loading class javax/net/ssl/SSLSocket
Event: 276.237 Loading class javax/net/ssl/SSLSocket done
Event: 276.263 Loading class java/util/WeakHashMap$KeyIterator
Event: 276.265 Loading class java/util/WeakHashMap$HashIterator
Event: 276.266 Loading class java/util/WeakHashMap$HashIterator done
Event: 276.266 Loading class java/util/WeakHashMap$KeyIterator done
Event: 276.328 Loading class java/lang/ref/Finalizer$2
Event: 276.328 Loading class java/lang/ref/Finalizer$2 done
Event: 276.330 Loading class java/lang/ref/Finalizer$1
Event: 276.330 Loading class java/lang/ref/Finalizer$1 done

Classes unloaded (0 events):
No events

Classes redefined (15 events):
Event: 275.114 Thread 0x0000019c69ec0080 redefined class name=com.project.CRUDoperation.studentsImpl, count=1
Event: 409.523 Thread 0x0000019c69ec0080 redefined class name=com.project.CRUDoperation.studentsImpl, count=1
Event: 409.523 Thread 0x0000019c69ec0080 redefined class name=com.project.CRUDoperation.studentsImpl, count=2
Event: 506.001 Thread 0x0000019c69ec0080 redefined class name=com.project.CRUDoperation.studentsImpl, count=2
Event: 506.001 Thread 0x0000019c69ec0080 redefined class name=com.project.CRUDoperation.studentsImpl, count=1
Event: 506.001 Thread 0x0000019c69ec0080 redefined class name=com.project.CRUDoperation.studentsImpl, count=3
Event: 514.505 Thread 0x0000019c69ec0080 redefined class name=com.project.CRUDoperation.studentsImpl, count=1
Event: 514.505 Thread 0x0000019c69ec0080 redefined class name=com.project.CRUDoperation.studentsImpl, count=3
Event: 514.505 Thread 0x0000019c69ec0080 redefined class name=com.project.CRUDoperation.studentsImpl, count=2
Event: 514.505 Thread 0x0000019c69ec0080 redefined class name=com.project.CRUDoperation.studentsImpl, count=4
Event: 519.347 Thread 0x0000019c69ec0080 redefined class name=com.project.CRUDoperation.studentsImpl, count=1
Event: 519.347 Thread 0x0000019c69ec0080 redefined class name=com.project.CRUDoperation.studentsImpl, count=2
Event: 519.347 Thread 0x0000019c69ec0080 redefined class name=com.project.CRUDoperation.studentsImpl, count=4
Event: 519.347 Thread 0x0000019c69ec0080 redefined class name=com.project.CRUDoperation.studentsImpl, count=3
Event: 519.347 Thread 0x0000019c69ec0080 redefined class name=com.project.CRUDoperation.studentsImpl, count=5

Internal exceptions (20 events):
Event: 507.585 Thread 0x0000019c72f02f50 Exception <a 'java/io/FileNotFoundException'{0x000000008a275a48}> (0x000000008a275a48) 
thrown [s\open\src\hotspot\share\prims\jni.cpp, line 516]
Event: 507.612 Thread 0x0000019c72f02f50 Exception <a 'sun/nio/fs/WindowsException'{0x000000008a080210}> (0x000000008a080210) 
thrown [s\open\src\hotspot\share\prims\jni.cpp, line 516]
Event: 507.820 Thread 0x0000019c72f02f50 Exception <a 'sun/nio/fs/WindowsException'{0x0000000089255720}> (0x0000000089255720) 
thrown [s\open\src\hotspot\share\prims\jni.cpp, line 516]
Event: 515.515 Thread 0x0000019c72f04290 Exception <a 'java/lang/InterruptedException'{0x0000000088624668}: sleep interrupted> (0x0000000088624668) 
thrown [s\open\src\hotspot\share\prims\jvm.cpp, line 3083]
Event: 515.574 Thread 0x0000019c73b36440 Exception <a 'sun/nio/fs/WindowsException'{0x00000000fff876f8}> (0x00000000fff876f8) 
thrown [s\open\src\hotspot\share\prims\jni.cpp, line 516]
Event: 515.599 Thread 0x0000019c73b36440 Exception <a 'sun/nio/fs/WindowsException'{0x000000008c5796b0}> (0x000000008c5796b0) 
thrown [s\open\src\hotspot\share\prims\jni.cpp, line 516]
Event: 515.857 Thread 0x0000019c73b36440 Exception <a 'sun/nio/fs/WindowsException'{0x0000000088734d60}> (0x0000000088734d60) 
thrown [s\open\src\hotspot\share\prims\jni.cpp, line 516]
Event: 515.862 Thread 0x0000019c73b36440 Exception <a 'sun/nio/fs/WindowsException'{0x0000000088776f80}> (0x0000000088776f80) 
thrown [s\open\src\hotspot\share\prims\jni.cpp, line 516]
Event: 515.888 Thread 0x0000019c73b36440 Exception <a 'java/lang/NoClassDefFoundError'{0x0000000088428c30}: org/flywaydb/core/Flyway> (0x0000000088428c30) 
thrown [s\open\src\hotspot\share\oops\constantPool.cpp, line 836]
Event: 515.890 Thread 0x0000019c73b36440 Exception <a 'java/lang/NoClassDefFoundError'{0x0000000088429280}: liquibase/integration/spring/SpringLiquibase> (0x0000000088429280) 
thrown [s\open\src\hotspot\share\oops\constantPool.cpp, line 836]
Event: 515.892 Thread 0x0000019c73b36440 Exception <a 'java/lang/NoClassDefFoundError'{0x0000000088446480}: org/jooq/DSLContext> (0x0000000088446480) 
thrown [s\open\src\hotspot\share\oops\constantPool.cpp, line 836]
Event: 515.894 Thread 0x0000019c73b36440 Exception <a 'java/lang/NoClassDefFoundError'{0x0000000088494590}: org/springframework/batch/core/repository/JobRepository> (0x0000000088494590) 
thrown [s\open\src\hotspot\share\oops\constantPool.cpp, line 836]
Event: 515.894 Thread 0x0000019c73b36440 Exception <a 'java/lang/NoClassDefFoundError'{0x0000000088494bd8}: org/quartz/Scheduler> (0x0000000088494bd8) 
thrown [s\open\src\hotspot\share\oops\constantPool.cpp, line 836]
Event: 515.895 Thread 0x0000019c73b36440 Exception <a 'java/lang/NoClassDefFoundError'{0x0000000088495248}: org/springframework/session/jdbc/JdbcIndexedSessionRepository> (0x0000000088495248) 
thrown [s\open\src\hotspot\share\oops\constantPool.cpp, line 836]
Event: 515.930 Thread 0x0000019c73b36440 Exception <a 'sun/nio/fs/WindowsException'{0x000000008c5e90f8}> (0x000000008c5e90f8) 
thrown [s\open\src\hotspot\share\prims\jni.cpp, line 516]
Event: 515.930 Thread 0x0000019c73b36440 Exception <a 'sun/nio/fs/WindowsException'{0x000000008c5e9820}> (0x000000008c5e9820) 
thrown [s\open\src\hotspot\share\prims\jni.cpp, line 516]
Event: 515.930 Thread 0x0000019c73b36440 Exception <a 'sun/nio/fs/WindowsException'{0x000000008c5e9f18}> (0x000000008c5e9f18) 
thrown [s\open\src\hotspot\share\prims\jni.cpp, line 516]
Event: 515.936 Thread 0x0000019c73b36440 Exception <a 'java/io/FileNotFoundException'{0x000000008a217880}> (0x000000008a217880) 
thrown [s\open\src\hotspot\share\prims\jni.cpp, line 516]
Event: 515.965 Thread 0x0000019c73b36440 Exception <a 'java/io/FileNotFoundException'{0x0000000089f7ff80}> (0x0000000089f7ff80) 
thrown [s\open\src\hotspot\share\prims\jni.cpp, line 516]
Event: 515.984 Thread 0x0000019c73b36440 Exception <a 'sun/nio/fs/WindowsException'{0x0000000089d97280}> (0x0000000089d97280) 
thrown [s\open\src\hotspot\share\prims\jni.cpp, line 516]

VM Operations (20 events):
Event: 517.224 Executing VM operation: Cleanup
Event: 517.224 Executing VM operation: Cleanup done
Event: 519.326 Executing VM operation: ChangeSingleStep
Event: 519.326 Executing VM operation: ChangeSingleStep done
Event: 519.327 Executing VM operation: ChangeSingleStep
Event: 519.327 Executing VM operation: ChangeSingleStep done
Event: 519.338 Executing VM operation: RedefineClasses
Event: 519.366 Executing VM operation: RedefineClasses done
Event: 519.384 Executing VM operation: ChangeBreakpoints
Event: 519.386 Executing VM operation: ChangeBreakpoints done
Event: 519.387 Executing VM operation: ChangeBreakpoints
Event: 519.389 Executing VM operation: ChangeBreakpoints done
Event: 519.390 Executing VM operation: ChangeBreakpoints
Event: 519.392 Executing VM operation: ChangeBreakpoints done
Event: 519.393 Executing VM operation: ChangeBreakpoints
Event: 519.395 Executing VM operation: ChangeBreakpoints done
Event: 519.396 Executing VM operation: ChangeBreakpoints
Event: 519.398 Executing VM operation: ChangeBreakpoints done
Event: 519.400 Executing VM operation: ChangeSingleStep
Event: 519.400 Executing VM operation: ChangeSingleStep done

Events (20 events):
Event: 515.508 Thread 0x0000019c73b34c30 Thread exited: 0x0000019c73b34c30
Event: 515.508 Thread 0x0000019c73b33dc0 Thread exited: 0x0000019c73b33dc0
Event: 515.510 Thread 0x0000019c73b36440 Thread added: 0x0000019c73b36440
Event: 515.510 Thread 0x0000019c72f03dc0 Thread exited: 0x0000019c72f03dc0
Event: 515.512 Thread 0x0000019c73b36440 Thread exited: 0x0000019c73b36440
Event: 515.516 Thread 0x0000019c72f04290 Thread exited: 0x0000019c72f04290
Event: 515.562 Thread 0x0000019c73b32f50 Thread added: 0x0000019c73b32f50
Event: 515.563 Thread 0x0000019c72f055d0 Thread exited: 0x0000019c72f055d0
Event: 515.563 Thread 0x0000019c73b32f50 Thread exited: 0x0000019c73b32f50
Event: 515.563 Thread 0x0000019c73b36440 Thread added: 0x0000019c73b36440
Event: 515.564 Thread 0x0000019c72f020e0 Thread exited: 0x0000019c72f020e0
Event: 515.612 Thread 0x0000019c73b35aa0 Thread added: 0x0000019c73b35aa0
Event: 515.642 Thread 0x0000019c73b35aa0 Thread exited: 0x0000019c73b35aa0
Event: 515.680 Thread 0x0000019c71b2e250 Thread added: 0x0000019c71b2e250
Event: 515.965 Thread 0x0000019c73b35100 Thread added: 0x0000019c73b35100
Event: 515.966 Thread 0x0000019c73b33420 Thread added: 0x0000019c73b33420
Event: 515.966 Thread 0x0000019c73b32f50 Thread added: 0x0000019c73b32f50
Event: 516.009 Thread 0x0000019c73b34760 Thread added: 0x0000019c73b34760
Event: 516.118 Thread 0x0000019c73b338f0 Thread added: 0x0000019c73b338f0
Event: 516.399 Thread 0x0000019c71b2e250 Thread exited: 0x0000019c71b2e250


Dynamic libraries:
0x00007ff70ce10000 - 0x00007ff70ce20000 	C:\Program Files\Java\jdk-18.0.2\bin\javaw.exe
0x00007ffca1430000 - 0x00007ffca1644000 	C:\Windows\SYSTEM32\ntdll.dll
0x00007ffc9f9d0000 - 0x00007ffc9fa92000 	C:\Windows\System32\KERNEL32.DLL
0x00007ffc9ebb0000 - 0x00007ffc9ef53000 	C:\Windows\System32\KERNELBASE.dll
0x00007ffc9efd0000 - 0x00007ffc9f0e1000 	C:\Windows\System32\ucrtbase.dll
0x00007ffc96fc0000 - 0x00007ffc96fda000 	C:\Program Files\Java\jdk-18.0.2\bin\VCRUNTIME140.dll
0x00007ffc94710000 - 0x00007ffc94728000 	C:\Program Files\Java\jdk-18.0.2\bin\jli.dll
0x00007ffca0980000 - 0x00007ffca0a2e000 	C:\Windows\System32\ADVAPI32.dll
0x00007ffca0bf0000 - 0x00007ffca0c97000 	C:\Windows\System32\msvcrt.dll
0x00007ffc9f210000 - 0x00007ffc9f2b4000 	C:\Windows\System32\sechost.dll
0x00007ffc9f570000 - 0x00007ffc9f687000 	C:\Windows\System32\RPCRT4.dll
0x00007ffca0a30000 - 0x00007ffca0bda000 	C:\Windows\System32\USER32.dll
0x00007ffc9e8d0000 - 0x00007ffc9e8f6000 	C:\Windows\System32\win32u.dll
0x00007ffc9fe50000 - 0x00007ffc9fe79000 	C:\Windows\System32\GDI32.dll
0x00007ffc9f0f0000 - 0x00007ffc9f209000 	C:\Windows\System32\gdi32full.dll
0x00007ffc9e830000 - 0x00007ffc9e8ca000 	C:\Windows\System32\msvcp_win.dll
0x00007ffc87980000 - 0x00007ffc87c0e000 	C:\Windows\WinSxS\amd64_microsoft.windows.common-controls_6595b64144ccf1df_6.0.22621.1635_none_270f70857386168e\COMCTL32.dll
0x00007ffc946e0000 - 0x00007ffc946ea000 	C:\Windows\SYSTEM32\VERSION.dll
0x00007ffc9f990000 - 0x00007ffc9f9c1000 	C:\Windows\System32\IMM32.DLL
0x00007ffc998a0000 - 0x00007ffc998ac000 	C:\Program Files\Java\jdk-18.0.2\bin\vcruntime140_1.dll
0x00007ffc89560000 - 0x00007ffc895ed000 	C:\Program Files\Java\jdk-18.0.2\bin\msvcp140.dll
0x00007ffc598e0000 - 0x00007ffc5a4f1000 	C:\Program Files\Java\jdk-18.0.2\bin\server\jvm.dll
0x00007ffca08f0000 - 0x00007ffca08f8000 	C:\Windows\System32\PSAPI.DLL
0x00007ffc94700000 - 0x00007ffc94709000 	C:\Windows\SYSTEM32\WSOCK32.dll
0x00007ffc9f2c0000 - 0x00007ffc9f331000 	C:\Windows\System32\WS2_32.dll
0x00007ffc91860000 - 0x00007ffc91894000 	C:\Windows\SYSTEM32\WINMM.dll
0x00007ffc9d960000 - 0x00007ffc9d978000 	C:\Windows\SYSTEM32\kernel.appcore.dll
0x00007ffc919e0000 - 0x00007ffc919ea000 	C:\Program Files\Java\jdk-18.0.2\bin\jimage.dll
0x00007ffc9c200000 - 0x00007ffc9c42e000 	C:\Windows\SYSTEM32\DBGHELP.DLL
0x00007ffc9fac0000 - 0x00007ffc9fe49000 	C:\Windows\System32\combase.dll
0x00007ffca0ca0000 - 0x00007ffca0d77000 	C:\Windows\System32\OLEAUT32.dll
0x00007ffc72a10000 - 0x00007ffc72a42000 	C:\Windows\SYSTEM32\dbgcore.DLL
0x00007ffc9e9c0000 - 0x00007ffc9ea3a000 	C:\Windows\System32\bcryptPrimitives.dll
0x00007ffc96ce0000 - 0x00007ffc96d1b000 	C:\Program Files\Java\jdk-18.0.2\bin\jdwp.dll
0x00007ffc9bff0000 - 0x00007ffc9bffe000 	C:\Program Files\Java\jdk-18.0.2\bin\instrument.dll
0x00007ffc89850000 - 0x00007ffc89875000 	C:\Program Files\Java\jdk-18.0.2\bin\java.dll
0x00007ffc7b400000 - 0x00007ffc7b4d6000 	C:\Program Files\Java\jdk-18.0.2\bin\jsvml.dll
0x00007ffca00d0000 - 0x00007ffca08c9000 	C:\Windows\System32\SHELL32.dll
0x00007ffc9c7e0000 - 0x00007ffc9d0ae000 	C:\Windows\SYSTEM32\windows.storage.dll
0x00007ffc9c6a0000 - 0x00007ffc9c7de000 	C:\Windows\SYSTEM32\wintypes.dll
0x00007ffc9f340000 - 0x00007ffc9f431000 	C:\Windows\System32\SHCORE.dll
0x00007ffca0d80000 - 0x00007ffca0dde000 	C:\Windows\System32\shlwapi.dll
0x00007ffc9e760000 - 0x00007ffc9e786000 	C:\Windows\SYSTEM32\profapi.dll
0x00007ffc9aee0000 - 0x00007ffc9aeec000 	C:\Program Files\Java\jdk-18.0.2\bin\dt_socket.dll
0x00007ffc9d310000 - 0x00007ffc9d33d000 	C:\Windows\SYSTEM32\IPHLPAPI.DLL
0x00007ffc9dde0000 - 0x00007ffc9de49000 	C:\Windows\system32\mswsock.dll
0x00007ffc9d340000 - 0x00007ffc9d433000 	C:\Windows\SYSTEM32\DNSAPI.dll
0x00007ffca0be0000 - 0x00007ffca0be9000 	C:\Windows\System32\NSI.dll
0x00007ffc94450000 - 0x00007ffc9445a000 	C:\Windows\System32\rasadhlp.dll
0x00007ffc90cc0000 - 0x00007ffc90d44000 	C:\Windows\System32\fwpuclnt.dll
0x00007ffc89540000 - 0x00007ffc89558000 	C:\Program Files\Java\jdk-18.0.2\bin\zip.dll
0x00007ffc89630000 - 0x00007ffc89643000 	C:\Program Files\Java\jdk-18.0.2\bin\net.dll
0x00007ffc93c20000 - 0x00007ffc93d57000 	C:\Windows\SYSTEM32\WINHTTP.dll
0x00007ffc89610000 - 0x00007ffc89626000 	C:\Program Files\Java\jdk-18.0.2\bin\nio.dll
0x00007ffc919d0000 - 0x00007ffc919e0000 	C:\Program Files\Java\jdk-18.0.2\bin\verify.dll
0x00007ffc91a70000 - 0x00007ffc91a79000 	C:\Program Files\Java\jdk-18.0.2\bin\management.dll
0x00007ffc91a60000 - 0x00007ffc91a6b000 	C:\Program Files\Java\jdk-18.0.2\bin\management_ext.dll
0x00007ffc896e0000 - 0x00007ffc896ee000 	C:\Program Files\Java\jdk-18.0.2\bin\sunmscapi.dll
0x00007ffc9ea40000 - 0x00007ffc9eba7000 	C:\Windows\System32\CRYPT32.dll
0x00007ffc9e1d0000 - 0x00007ffc9e1fe000 	C:\Windows\SYSTEM32\ncrypt.dll
0x00007ffc9e190000 - 0x00007ffc9e1c7000 	C:\Windows\SYSTEM32\NTASN1.dll
0x00007ffc9e040000 - 0x00007ffc9e05b000 	C:\Windows\SYSTEM32\CRYPTSP.dll
0x00007ffc9d8d0000 - 0x00007ffc9d905000 	C:\Windows\system32\rsaenh.dll
0x00007ffc9dee0000 - 0x00007ffc9df0c000 	C:\Windows\SYSTEM32\USERENV.dll
0x00007ffc9e200000 - 0x00007ffc9e228000 	C:\Windows\SYSTEM32\bcrypt.dll
0x00007ffc9e060000 - 0x00007ffc9e06c000 	C:\Windows\SYSTEM32\CRYPTBASE.dll
0x00007ffc91ed0000 - 0x00007ffc91ee9000 	C:\Windows\SYSTEM32\dhcpcsvc6.DLL
0x00007ffc91eb0000 - 0x00007ffc91ecf000 	C:\Windows\SYSTEM32\dhcpcsvc.DLL

dbghelp: loaded successfully - version: 4.0.5 - missing functions: none
symbol engine: initialized successfully - sym options: 0x614 - pdb path: .;C:\Program Files\Java\jdk-18.0.2\bin;C:\Windows\SYSTEM32;C:\Windows\WinSxS\amd64_microsoft.windows.common-controls_6595b64144ccf1df_6.0.22621.1635_none_270f70857386168e;C:\Program Files\Java\jdk-18.0.2\bin\server

VM Arguments:
jvm_args: -XX:+ShowCodeDetailsInExceptionMessages -agentlib:jdwp=transport=dt_socket,suspend=y,address=localhost:61206 -javaagent:C:\Users\Arul_venkatesh\eclipse\java-2023-06\eclipse\configuration\org.eclipse.osgi\248\0\.cp\lib\javaagent-shaded.jar -Dfile.encoding=UTF-8 
java_command: com.project.CRUDoperation.CruDoperationApplication
java_class_path (initial): D:\proj\CRUDoperation (1)\CRUDoperation\target\classes;C:\Users\Arul_venkatesh\.m2\repository\org\springframework\boot\spring-boot-starter-actuator\3.5.3\spring-boot-starter-actuator-3.5.3.jar;C:\Users\Arul_venkatesh\.m2\repository\org\springframework\boot\spring-boot-starter\3.5.3\spring-boot-starter-3.5.3.jar;C:\Users\Arul_venkatesh\.m2\repository\org\springframework\boot\spring-boot-starter-logging\3.5.3\spring-boot-starter-logging-3.5.3.jar;C:\Users\Arul_venkatesh\.m2\repository\ch\qos\logback\logback-classic\1.5.18\logback-classic-1.5.18.jar;C:\Users\Arul_venkatesh\.m2\repository\ch\qos\logback\logback-core\1.5.18\logback-core-1.5.18.jar;C:\Users\Arul_venkatesh\.m2\repository\org\apache\logging\log4j\log4j-to-slf4j\2.24.3\log4j-to-slf4j-2.24.3.jar;C:\Users\Arul_venkatesh\.m2\repository\org\apache\logging\log4j\log4j-api\2.24.3\log4j-api-2.24.3.jar;C:\Users\Arul_venkatesh\.m2\repository\org\slf4j\jul-to-slf4j\2.0.17\jul-to-slf4j-2.0.17.jar;C:\Users\Arul_venkatesh\.m2\repository\jakarta\annotation\jakarta.annotation-api\2.1.1\jakarta.annotation-api-2.1.1.jar;C:\Users\Arul_venkatesh\.m2\repository\org\yaml\snakeyaml\2.4\snakeyaml-2.4.jar;C:\Users\Arul_venkatesh\.m2\repository\org\springframework\boot\spring-boot-actuator-autoconfigure\3.5.3\spring-boot-actuator-autoconfigure-3.5.3.jar;C:\Users\Arul_venkatesh\.m2\repository\org\springframework\boot\spring-boot-actuator\3.5.3\spring-boot-actuator-3.5.3.jar;C:\Users\Arul_venkatesh\.m2\repository\com\fasterxml\jackson\core\jackson-databind\2.19.1\jackson-databind-2.19.1.jar;C:\Users\Arul_venkatesh\.m2\repository\com\fasterxml\jackson\core\jackson-annotations\2.19.1\jackson-annotations-2.19.1.jar;C:\Users\Arul_venkatesh\.m2\repository\com\fasterxml\jackson\core\jackson-core\2.19.1\jackson-core-2.19.1.jar;C:\Users\Arul_venkatesh\.m2\repository\com\fasterxml\jackson\datatype\jackson-datatype-jsr310\2.19.1\jackson-datatype-jsr310-2.19.1.jar;C:\Users\Arul_venkatesh\.m2\repository\io\micrometer\micrometer-observation\1.15.1\micrometer-observation-1.15.1.jar;C:\Users\Arul_venkatesh\.m2\repository\io\micrometer\micrometer-commons\1.15.1\micrometer-commons-1.15.1.jar;C:\Users\Arul_venkatesh\.m2\repository\io\micrometer\micrometer-jakarta9\1.15.1\micrometer-jakarta9-1.15.1.jar;C:\Users\Arul_venkatesh\.m2\repository\io\micrometer\micrometer-core\1.15.1\micrometer-core-1.15.1.jar;C:\Users\Arul_venkatesh\.m2\repository\org\hdrhistogram\HdrHistogram\2.2.2\HdrHistogram-2.2.2.jar;C:\Users\Arul_venkatesh\.m2\repository\org\latencyutils\LatencyUtils\2.0.3\LatencyUtils-2.0.3.jar;C:\Users\Arul_venkatesh\.m2\repository\org\springframework\boot\spring-boot-starter-data-jpa\3.5.3\spring-boot-starter-data-jpa-3.5.3.jar;C:\Users\Arul_venkatesh\.m2\repository\org\springframework\boot\spring-boot-starter-jdbc\3.5.3\spring-boot-starter-jdbc-3.5.3.jar;C:\Users\Arul_venkatesh\.m2\repository\com\zaxxer\HikariCP\6.3.0\HikariCP-6.3.0.jar;C:\Users\Arul_venkatesh\.m2\repository\org\springframework\spring-jdbc\6.2.8\spring-jdbc-6.2.8.jar;C:\Users\Arul_venkatesh\.m2\repository\org\hibernate\orm\hibernate-core\6.6.18.Final\hibernate-core-6.6.18.Final.jar;C:\Users\Arul_venkatesh\.m2\repository\jakarta\persistence\jakarta.persistence-api\3.1.0\jakarta.persistence-api-3.1.0.jar;C:\Users\Arul_venkatesh\.m2\repository\jakarta\transaction\jakarta.transaction-api\2.0.1\jakarta.transaction-api-2.0.1.jar;C:\Users\Arul_venkatesh\.m2\repository\org\jboss\logging\jboss-logging\3.6.1.Final\jboss-logging-3.6.1.Final.jar;C:\Users\Arul_venkatesh\.m2\repository\org\hibernate\common\hibernate-commons-annotations\7.0.3.Final\hibernate-commons-annotations-7.0.3.Final.jar;C:\Users\Arul_venkatesh\.m2\repository\io\smallrye\jandex\3.2.0\jandex-3.2.0.jar;C:\Users\Arul_venkatesh\.m2\repository\com\fasterxml\classmate\1.7.0\classmate-1.7.0.jar;C:\Users\Arul_venkatesh\.m2\repository\net\bytebuddy\byte-buddy\1.17.6\byte-buddy-1.17.6.jar;C:\Users\Arul_venkatesh\.m2\repository\org\glassfish\jaxb\jaxb-runtime\4.0.5\jaxb-runtime-4.0.5.jar;C:\Users\Arul_venkatesh\.m2\repository\org\glassfish\jaxb\jaxb-core\4.0.5\jaxb-core-4.0.5.jar;C:\Users\Arul_venkatesh\.m2\repository\org\eclipse\angus\angus-activation\2.0.2\angus-activation-2.0.2.jar;C:\Users\Arul_venkatesh\.m2\repository\org\glassfish\jaxb\txw2\4.0.5\txw2-4.0.5.jar;C:\Users\Arul_venkatesh\.m2\repository\com\sun\istack\istack-commons-runtime\4.1.2\istack-commons-runtime-4.1.2.jar;C:\Users\Arul_venkatesh\.m2\repository\jakarta\inject\jakarta.inject-api\2.0.1\jakarta.inject-api-2.0.1.jar;C:\Users\Arul_venkatesh\.m2\repository\org\antlr\antlr4-runtime\4.13.0\antlr4-runtime-4.13.0.jar;C:\Users\Arul_venkatesh\.m2\repository\org\springframework\data\spring-data-jpa\3.5.1\spring-data-jpa-3.5.1.jar;C:\Users\Arul_venkatesh\.m2\repository\org\springframework\data\spring-data-commons\3.5.1\spring-data-commons-3.5.1.jar;C:\Users\Arul_venkatesh\.m2\repository\org\springframework\spring-orm\6.2.8\spring-orm-6.2.8.jar;C:\Users\Arul_venkatesh\.m2\repository\org\springframework\spring-context\6.2.8\spring-context-6.2.8.jar;C:\Users\Arul_venkatesh\.m2\repository\org\springframework\spring-aop\6.2.8\spring-aop-6.2.8.jar;C:\Users\Arul_venkatesh\.m2\repository\org\springframework\spring-tx\6.2.8\spring-tx-6.2.8.jar;C:\Users\Arul_venkatesh\.m2\repository\org\springframework\spring-beans\6.2.8\spring-beans-6.2.8.jar;C:\Users\Arul_venkatesh\.m2\repository\org\slf4j\slf4j-api\2.0.17\slf4j-api-2.0.17.jar;C:\Users\Arul_venkatesh\.m2\repository\org\springframework\spring-aspects\6.2.8\spring-aspects-6.2.8.jar;C:\Users\Arul_venkatesh\.m2\repository\org\aspectj\aspectjweaver\1.9.24\aspectjweaver-1.9.24.jar;C:\Users\Arul_venkatesh\.m2\repository\org\springframework\boot\spring-boot-starter-web\3.5.3\spring-boot-starter-web-3.5.3.jar;C:\Users\Arul_venkatesh\.m2\repository\org\springframework\boot\spring-boot-starter-json\3.5.3\spring-boot-starter-json-3.5.3.jar;C:\Users\Arul_venkatesh\.m2\repository\com\fasterxml\jackson\datatype\jackson-datatype-jdk8\2.19.1\jackson-datatype-jdk8-2.19.1.jar;C:\Users\Arul_venkatesh\.m2\repository\com\fasterxml\jackson\module\jackson-module-parameter-names\2.19.1\jackson-module-parameter-names-2.19.1.jar;C:\Users\Arul_venkatesh\.m2\repository\org\springframework\boot\spring-boot-starter-tomcat\3.5.3\spring-boot-starter-tomcat-3.5.3.jar;C:\Users\Arul_venkatesh\.m2\repository\org\apache\tomcat\embed\tomcat-embed-core\10.1.42\tomcat-embed-core-10.1.42.jar;C:\Users\Arul_venkatesh\.m2\repository\org\apache\tomcat\embed\tomcat-embed-el\10.1.42\tomcat-embed-el-10.1.42.jar;C:\Users\Arul_venkatesh\.m2\repository\org\apache\tomcat\embed\tomcat-embed-websocket\10.1.42\tomcat-embed-websocket-10.1.42.jar;C:\Users\Arul_venkatesh\.m2\repository\org\springframework\spring-web\6.2.8\spring-web-6.2.8.jar;C:\Users\Arul_venkatesh\.m2\repository\org\springframework\spring-webmvc\6.2.8\spring-webmvc-6.2.8.jar;C:\Users\Arul_venkatesh\.m2\repository\org\springframework\spring-expression\6.2.8\spring-expression-6.2.8.jar;C:\Users\Arul_venkatesh\.m2\repository\org\springframework\boot\spring-boot-devtools\3.5.3\spring-boot-devtools-3.5.3.jar;C:\Users\Arul_venkatesh\.m2\repository\org\springframework\boot\spring-boot\3.5.3\spring-boot-3.5.3.jar;C:\Users\Arul_venkatesh\.m2\repository\org\springframework\boot\spring-boot-autoconfigure\3.5.3\spring-boot-autoconfigure-3.5.3.jar;C:\Users\Arul_venkatesh\.m2\repository\com\mysql\mysql-connector-j\9.2.0\mysql-connector-j-9.2.0.jar;C:\Users\Arul_venkatesh\.m2\repository\jakarta\xml\bind\jakarta.xml.bind-api\4.0.2\jakarta.xml.bind-api-4.0.2.jar;C:\Users\Arul_venkatesh\.m2\repository\jakarta\activation\jakarta.activation-api\2.1.3\jakarta.activation-api-2.1.3.jar;C:\Users\Arul_venkatesh\.m2\repository\org\springframework\spring-core\6.2.8\spring-core-6.2.8.jar;C:\Users\Arul_venkatesh\.m2\repository\org\springframework\spring-jcl\6.2.8\spring-jcl-6.2.8.jar
Launcher Type: SUN_STANDARD

[Global flags]
     intx CICompilerCount                          = 3                                         {product} {ergonomic}
     uint ConcGCThreads                            = 1                                         {product} {ergonomic}
     uint G1ConcRefinementThreads                  = 4                                         {product} {ergonomic}
   size_t G1HeapRegionSize                         = 1048576                                   {product} {ergonomic}
    uintx GCDrainStackTargetSize                   = 64                                        {product} {ergonomic}
   size_t InitialHeapSize                          = 130023424                                 {product} {ergonomic}
   size_t MarkStackSize                            = 4194304                                   {product} {ergonomic}
   size_t MaxHeapSize                              = 2069889024                                {product} {ergonomic}
   size_t MaxNewSize                               = 1241513984                                {product} {ergonomic}
   size_t MinHeapDeltaBytes                        = 1048576                                   {product} {ergonomic}
   size_t MinHeapSize                              = 8388608                                   {product} {ergonomic}
    uintx NonNMethodCodeHeapSize                   = 5832780                                {pd product} {ergonomic}
    uintx NonProfiledCodeHeapSize                  = 122912730                              {pd product} {ergonomic}
    uintx ProfiledCodeHeapSize                     = 122912730                              {pd product} {ergonomic}
    uintx ReservedCodeCacheSize                    = 251658240                              {pd product} {ergonomic}
     bool SegmentedCodeCache                       = true                                      {product} {ergonomic}
     bool ShowCodeDetailsInExceptionMessages       = true                                   {manageable} {command line}
   size_t SoftMaxHeapSize                          = 2069889024                             {manageable} {ergonomic}
     bool UseCompressedClassPointers               = true                           {product lp64_product} {ergonomic}
     bool UseCompressedOops                        = true                           {product lp64_product} {ergonomic}
     bool UseG1GC                                  = true                                      {product} {ergonomic}
     bool UseLargePagesIndividualAllocation        = false                                  {pd product} {ergonomic}

Logging:
Log output configuration:
 #0: stdout all=warning uptime,level,tags foldmultilines=false
 #1: stderr all=off uptime,level,tags foldmultilines=false

Environment Variables:
PATH=C:\Program Files\Common Files\Oracle\Java\javapath;C:\Windows\system32;C:\Windows;C:\Windows\System32\Wbem;C:\Windows\System32\WindowsPowerShell\v1.0\;C:\Windows\System32\OpenSSH\;C:\Program Files\Java\jre1.8.0_172\bin;C:\apache-maven-3.8.6\bin;C:\Users\Arul_venkatesh\AppData\Roaming\Microsoft\Windows\Start Menu\Programs\Python 3.10;C:\xampp\php;C:\Program Files\MySQL\MySQL Server 5.5\bin;C:\Program Files\Git\cmd;C:\Users\Arul_venkatesh\AppData\Local\Microsoft\WindowsApps;C:\Users\Arul_venkatesh\AppData\Roaming\Microsoft\Windows\Start Menu\Programs\Python 3.10;C:\Users\Arul_venkatesh\AppData\Roaming\Composer\vendor\bin;C:\ProgramData\ComposerSetup\bin;C:\Users\Arul_venkatesh\AppData\Local\Programs\Microsoft VS Code\bin
USERNAME=Arul_venkatesh
OS=Windows_NT
PROCESSOR_IDENTIFIER=Intel64 Family 6 Model 140 Stepping 2, GenuineIntel



---------------  S Y S T E M  ---------------

OS:
 Windows 11 , 64 bit Build 22621 (10.0.22621.1928)
OS uptime: 270 days 12:03 hours
Hyper-V role detected

CPU: total 4 (initial active 4) (2 cores per cpu, 2 threads per core) family 6 model 140 stepping 2 microcode 0x16, cx8, cmov, fxsr, ht, mmx, 3dnowpref, sse, sse2, sse3, ssse3, sse4.1, sse4.2, popcnt, lzcnt, tsc, tscinvbit, avx, avx2, aes, erms, clmul, bmi1, bmi2, adx, avx512f, avx512dq, avx512cd, avx512bw, avx512vl, sha, fma, vzeroupper, avx512_vpopcntdq, avx512_vpclmulqdq, avx512_vaes, avx512_vnni, clflush, clflushopt, clwb, avx512_vbmi2, avx512_vbmi, hv

Memory: 4k page, system-wide physical 7894M (939M free)
TotalPageFile size 23421M (AvailPageFile size 4118M)
current process WorkingSet (physical memory assigned to process): 274M, peak: 336M
current process commit charge ("private bytes"): 330M, peak: 365M

vm_info: Java HotSpot(TM) 64-Bit Server VM (18.0.2+9-61) for windows-amd64 JRE (18.0.2+9-61), built on Jun  7 2022 13:09:01 by "mach5one" with MS VC++ 16.8 / 16.9 (VS2019)

END.
