#
# A fatal error has been detected by the Java Runtime Environment:
#
#  EXCEPTION_ACCESS_VIOLATION (0xc0000005) at pc=0x0000022888cc11ac, pid=41932, tid=46032
#
# JRE version: Java(TM) SE Runtime Environment (18.0.2+9) (build 18.0.2+9-61)
# Java VM: Java HotSpot(TM) 64-Bit Server VM (18.0.2+9-61, mixed mode, sharing, tiered, compressed oops, compressed class ptrs, g1 gc, windows-amd64)
# Problematic frame:
# v  ~BufferBlob::MethodHandles adapters
#
# No core dump will be written. Minidumps are not enabled by default on client versions of Windows
#
# If you would like to submit a bug report, please visit:
#   https://bugreport.java.com/bugreport/crash.jsp
#

---------------  S U M M A R Y ------------

Command Line: -XX:+ShowCodeDetailsInExceptionMessages -agentlib:jdwp=transport=dt_socket,suspend=y,address=localhost:54055 -javaagent:C:\Users\Arul_venkatesh\eclipse\java-2023-06\eclipse\configuration\org.eclipse.osgi\248\0\.cp\lib\javaagent-shaded.jar -Dfile.encoding=UTF-8 com.project.CRUDoperation.CruDoperationApplication

Host: 11th Gen Intel(R) Core(TM) i3-1115G4 @ 3.00GHz, 4 cores, 7G,  Windows 11 , 64 bit Build 22621 (10.0.22621.1928)
Time: Mon Jul 28 13:44:05 2025 India Standard Time elapsed time: 1366.896028 seconds (0d 0h 22m 46s)

---------------  T H R E A D  ---------------

Current thread (0x00000228a3f54610):  JavaThread "restartedMain" [_thread_in_Java, id=46032, stack(0x00000051e1900000,0x00000051e1a00000)]

Stack: [0x00000051e1900000,0x00000051e1a00000],  sp=0x00000051e19fca38,  free space=1010k
Native frames: (J=compiled Java code, j=interpreted, Vv=VM code, C=native code)
C  0x0000022888cc11ac


siginfo: EXCEPTION_ACCESS_VIOLATION (0xc0000005), reading address 0xffffffffffffffff


Register to memory mapping:

RIP=0x0000022888cc11ac is at begin+68 in a stub
MethodHandle::interpreter_entry::_linkToSpecial [0x0000022888cc1168, 0x0000022888cc11b7] (79 bytes)
RAX=0x0000022888c89efa is at code_begin+3482 in an Interpreter codelet
return entry points  [0x0000022888c89160, 0x0000022888c8b380]  8736 bytes
RBX=0x8ba3cbb800000000 is an unknown value
RCX=0x00000051e19fca40 is pointing into the stack for thread: 0x00000228a3f54610
RDX=0x0000000000000002 is an unknown value
RSP=0x00000051e19fca38 is pointing into the stack for thread: 0x00000228a3f54610
RBP=0x00000051e19fca88 is pointing into the stack for thread: 0x00000228a3f54610
RSI=0x00000228aace7268 points into unknown readable memory: 0x880032fc203d675d | 5d 67 3d 20 fc 32 00 88
RDI=0x00000228a8f51990 points into unknown readable memory: 0x0000001800000040 | 40 00 00 00 18 00 00 00
R8 =0x0000000000000004 is an unknown value
R9 =0x0000000000000004 is an unknown value
R10=0x0000000800000000 is pointing into metadata
R11={method} {0x00000008000c8c50} 'newInvokeSpecial' '(Ljava/lang/Object;)Ljava/lang/Object;' in 'java/lang/invoke/DirectMethodHandle$Holder'
R12=0x0 is NULL
R13=0x00000051e19fca38 is pointing into the stack for thread: 0x00000228a3f54610
R14=0x00000051e19fcaa8 is pointing into the stack for thread: 0x00000228a3f54610
R15=0x00000228a3f54610 is a thread


Registers:
RAX=0x0000022888c89efa, RBX=0x8ba3cbb800000000, RCX=0x00000051e19fca40, RDX=0x0000000000000002
RSP=0x00000051e19fca38, RBP=0x00000051e19fca88, RSI=0x00000228aace7268, RDI=0x00000228a8f51990
R8 =0x0000000000000004, R9 =0x0000000000000004, R10=0x0000000800000000, R11=0x00000008000c8c48
R12=0x0000000000000000, R13=0x00000051e19fca38, R14=0x00000051e19fcaa8, R15=0x00000228a3f54610
RIP=0x0000022888cc11ac, EFLAGS=0x0000000000010202

Top of Stack: (sp=0x00000051e19fca38)
0x00000051e19fca38:   0000022888c89efa 00000051e19fca40
0x00000051e19fca48:   00000008006df207 00000051e19fcaa8
0x00000051e19fca58:   00000008000c4a00 000002289f3628d0
0x00000051e19fca68:   0000000084f1fc28 00000008000c8c48
0x00000051e19fca78:   00000051e19fca38 00000051e19fcab0
0x00000051e19fca88:   000000008ba3cb50 0000022890c60ec6
0x00000051e19fca98:   000000008ba3cac0 000000008ba3cb68
0x00000051e19fcaa8:   000000008ba3cb20 000000008ba3c900
0x00000051e19fcab8:   000000008ba3c8a8 00000000873c6098
0x00000051e19fcac8:   0000000100000000 000000008ba3c900
0x00000051e19fcad8:   000000008ba3cb50 0000000000000000
0x00000051e19fcae8:   000000008ba3cb20 000000008625b0e0
0x00000051e19fcaf8:   000000008ba3cb20 00000051e19fcb20
0x00000051e19fcb08:   000000008550d0d8 0000000087352d30
0x00000051e19fcb18:   00007ffc5761f982 0000022890c6030c
0x00000051e19fcb28:   000002289081d0e0 000000008ba3c8a8 

Instructions: (pc=0x0000022888cc11ac)
0x0000022888cc10ac:   8b 59 14 8b 5b 28 8b 5b 24 48 8b 5b 10 48 85 db
0x0000022888cc10bc:   0f 84 10 00 00 00 41 80 bf 80 04 00 00 00 74 03
0x0000022888cc10cc:   ff 63 38 ff 63 50 e9 29 16 00 00 66 0f 1f 84 00
0x0000022888cc10dc:   00 00 00 00 48 8b 53 08 0f b7 52 2c 48 8b 0c d4
0x0000022888cc10ec:   58 5b 50 44 8b 51 08 49 bb 00 00 00 00 08 00 00
0x0000022888cc10fc:   00 4d 03 d3 4c 8b 5b 10 4b 8b 9c da b8 01 00 00
0x0000022888cc110c:   48 85 db 0f 84 10 00 00 00 41 80 bf 80 04 00 00
0x0000022888cc111c:   00 74 03 ff 63 38 ff 63 50 e9 d6 15 00 00 66 66
0x0000022888cc112c:   66 0f 1f 84 00 00 00 00 00 66 66 66 90 0f 1f 80
0x0000022888cc113c:   00 00 00 00 58 5b 50 8b 5b 24 48 8b 5b 10 48 85
0x0000022888cc114c:   db 0f 84 10 00 00 00 41 80 bf 80 04 00 00 00 74
0x0000022888cc115c:   03 ff 63 38 ff 63 50 e9 98 15 00 00 66 66 66 0f
0x0000022888cc116c:   1f 84 00 00 00 00 00 66 66 66 90 66 0f 1f 84 00
0x0000022888cc117c:   00 00 00 00 48 8b 53 08 0f b7 52 2c 48 8b 0c d4
0x0000022888cc118c:   58 5b 50 48 3b 01 8b 5b 24 48 8b 5b 10 48 85 db
0x0000022888cc119c:   0f 84 10 00 00 00 41 80 bf 80 04 00 00 00 74 03
0x0000022888cc11ac:   ff 63 38 ff 63 50 e9 49 15 00 00 66 0f 1f 84 00
0x0000022888cc11bc:   00 00 00 00 48 8b 53 08 0f b7 52 2c 48 8b 0c d4
0x0000022888cc11cc:   58 5b 50 44 8b 51 08 49 bb 00 00 00 00 08 00 00
0x0000022888cc11dc:   00 4d 03 d3 8b 43 18 48 8b 40 10 48 8b 5b 10 45
0x0000022888cc11ec:   8b 9a a0 00 00 00 4f 8d 9c da b8 01 00 00 4d 8d
0x0000022888cc11fc:   14 da 49 8b 1b 48 3b c3 74 15 48 85 db 0f 84 32
0x0000022888cc120c:   00 00 00 49 83 c3 10 49 8b 1b 48 3b c3 75 eb 45
0x0000022888cc121c:   8b 5b 08 4b 8b 1c 1a 48 85 db 0f 84 10 00 00 00
0x0000022888cc122c:   41 80 bf 80 04 00 00 00 74 03 ff 63 38 ff 63 50
0x0000022888cc123c:   e9 bf 14 00 00 e9 ba 11 00 00 f4 00 00 00 00 00
0x0000022888cc124c:   00 00 00 00 00 00 00 00 00 00 00 00 00 00 00 00
0x0000022888cc125c:   00 00 00 00 00 00 00 00 00 00 00 00 00 00 00 00
0x0000022888cc126c:   00 00 00 00 00 00 00 00 00 00 00 00 00 00 00 00
0x0000022888cc127c:   00 00 00 00 00 00 00 00 00 00 00 00 00 00 00 00
0x0000022888cc128c:   00 00 00 00 00 00 00 00 00 00 00 00 00 00 00 00
0x0000022888cc129c:   00 00 00 00 00 00 00 00 00 00 00 00 00 00 00 00 


Stack slot to memory mapping:
stack at sp + 0 slots: 0x0000022888c89efa is at code_begin+3482 in an Interpreter codelet
return entry points  [0x0000022888c89160, 0x0000022888c8b380]  8736 bytes
stack at sp + 1 slots: 0x00000051e19fca40 is pointing into the stack for thread: 0x00000228a3f54610
stack at sp + 2 slots: 0x00000008006df207 is pointing into metadata
stack at sp + 3 slots: 0x00000051e19fcaa8 is pointing into the stack for thread: 0x00000228a3f54610
stack at sp + 4 slots: 0x00000008000c4a00 is pointing into metadata
stack at sp + 5 slots: 0x000002289f3628d0 is pointing into metadata
stack at sp + 6 slots: 0x0000000084f1fc28 is an oop: java.lang.Class 
{0x0000000084f1fc28} - klass: 'java/lang/Class'
 - ---- fields (total size 14 words):
 - private volatile transient 'classRedefinedCount' 'I' @12  0
 - abstract internal 'klass' 'J' @16  34360542752 (c4620 8)
 - abstract internal 'array_klass' 'J' @24  0 (0 0)
 - abstract internal 'oop_size' 'I' @32  14 (e)
 - abstract internal 'static_oop_field_count' 'I' @36  0
 - private volatile transient 'cachedConstructor' 'Ljava/lang/reflect/Constructor;' @40  NULL (0)
 - private transient 'name' 'Ljava/lang/String;' @44  NULL (0)
 - private transient 'module' 'Ljava/lang/Module;' @48  a 'java/lang/Module'{0x0000000084f40170} (84f40170)
 - private final 'classLoader' 'Ljava/lang/ClassLoader;' @52  NULL (0)
 - private transient 'classData' 'Ljava/lang/Object;' @56  NULL (0)
 - private transient 'packageName' 'Ljava/lang/String;' @60  NULL (0)
 - private final 'componentType' 'Ljava/lang/Class;' @64  NULL (0)
 - private volatile transient 'reflectionData' 'Ljava/lang/ref/SoftReference;' @68  NULL (0)
 - private volatile transient 'genericInfo' 'Lsun/reflect/generics/repository/ClassRepository;' @72  NULL (0)
 - private volatile transient 'enumConstants' '[Ljava/lang/Object;' @76  NULL (0)
 - private volatile transient 'enumConstantDirectory' 'Ljava/util/Map;' @80  NULL (0)
 - private volatile transient 'annotationData' 'Ljava/lang/Class$AnnotationData;' @84  NULL (0)
 - private volatile transient 'annotationType' 'Lsun/reflect/annotation/AnnotationType;' @88  NULL (0)
 - transient 'classValueMap' 'Ljava/lang/ClassValue$ClassValueMap;' @92  NULL (0)
 - abstract internal 'protection_domain' 'Ljava/lang/Object;' @96  NULL (0)
 - abstract internal 'signers_name' 'Ljava/lang/Object;' @100  NULL (0)
 - abstract internal 'source_file' 'Ljava/lang/Object;' @104  NULL (0)
 - signature: Ljava/lang/invoke/DirectMethodHandle$Holder;
 - ---- static fields (0):
stack at sp + 7 slots: {method} {0x00000008000c8c50} 'newInvokeSpecial' '(Ljava/lang/Object;)Ljava/lang/Object;' in 'java/lang/invoke/DirectMethodHandle$Holder'

MethodHandle::interpreter_entry::_linkToSpecial [0x0000022888cc1168, 0x0000022888cc11b7] (79 bytes)
[MachCode]
  0x0000022888cc1168: 6666 660f | 1f84 0000 | 0000 0066 | 6666 9066 | 0f1f 8400 | 0000 0000 | 488b 5308 | 0fb7 522c 
  0x0000022888cc1188: 488b 0cd4 | 585b 5048 | 3b01 8b5b | 2448 8b5b | 1048 85db | 0f84 1000 | 0000 4180 | bf80 0400 
  0x0000022888cc11a8: 0000 7403 | ff63 38ff | 6350 e949 | 
[/MachCode]

---------------  P R O C E S S  ---------------

Threads class SMR info:
_java_thread_list=0x00000228a66e5810, length=24, elements={
0x000002289e564e20, 0x000002289e565f60, 0x000002289e581ba0, 0x000002289e582540,
0x000002289e583680, 0x000002289e584020, 0x000002289e5898b0, 0x000002289e58e990,
0x000002289e594850, 0x000002289e61e2f0, 0x00000228a2a115a0, 0x00000228a29bfad0,
0x00000228a29c0340, 0x00000228a32608f0, 0x00000228a760c640, 0x00000228a5dd2120,
0x00000228a5dd47a0, 0x00000228a3f55950, 0x00000228a3f58e40, 0x00000228a3f54610,
0x00000228a3f57630, 0x00000228a3f567c0, 0x00000228a3f56c90, 0x00000228a3f5aff0
}

Java Threads: ( => current thread )
  0x000002289e564e20 JavaThread "Reference Handler" daemon [_thread_blocked, id=27140, stack(0x00000051e0300000,0x00000051e0400000)]
  0x000002289e565f60 JavaThread "Finalizer" daemon [_thread_blocked, id=46692, stack(0x00000051e0400000,0x00000051e0500000)]
  0x000002289e581ba0 JavaThread "Signal Dispatcher" daemon [_thread_blocked, id=27548, stack(0x00000051e0500000,0x00000051e0600000)]
  0x000002289e582540 JavaThread "Attach Listener" daemon [_thread_blocked, id=11044, stack(0x00000051e0600000,0x00000051e0700000)]
  0x000002289e583680 JavaThread "Service Thread" daemon [_thread_blocked, id=45564, stack(0x00000051e0700000,0x00000051e0800000)]
  0x000002289e584020 JavaThread "Monitor Deflation Thread" daemon [_thread_blocked, id=27840, stack(0x00000051e0800000,0x00000051e0900000)]
  0x000002289e5898b0 JavaThread "C2 CompilerThread0" daemon [_thread_blocked, id=36688, stack(0x00000051e0900000,0x00000051e0a00000)]
  0x000002289e58e990 JavaThread "C1 CompilerThread0" daemon [_thread_blocked, id=41928, stack(0x00000051e0a00000,0x00000051e0b00000)]
  0x000002289e594850 JavaThread "Sweeper thread" daemon [_thread_blocked, id=19540, stack(0x00000051e0b00000,0x00000051e0c00000)]
  0x000002289e61e2f0 JavaThread "Common-Cleaner" daemon [_thread_blocked, id=43152, stack(0x00000051e0c00000,0x00000051e0d00000)]
  0x00000228a2a115a0 JavaThread "JDWP Transport Listener: dt_socket" daemon [_thread_blocked, id=12548, stack(0x00000051e0d00000,0x00000051e0e00000)]
  0x00000228a29bfad0 JavaThread "JDWP Event Helper Thread" daemon [_thread_blocked, id=46560, stack(0x00000051e0e00000,0x00000051e0f00000)]
  0x00000228a29c0340 JavaThread "JDWP Command Reader" daemon [_thread_in_native, id=42496, stack(0x00000051e0f00000,0x00000051e1000000)]
  0x00000228a32608f0 JavaThread "Notification Thread" daemon [_thread_blocked, id=38700, stack(0x00000051e1100000,0x00000051e1200000)]
  0x00000228a760c640 JavaThread "mysql-cj-abandoned-connection-cleanup" daemon [_thread_blocked, id=41668, stack(0x00000051e1c00000,0x00000051e1d00000)]
  0x00000228a5dd2120 JavaThread "Live Reload Server" daemon [_thread_in_native, id=16156, stack(0x00000051e2200000,0x00000051e2300000)]
  0x00000228a5dd47a0 JavaThread "DestroyJavaVM" [_thread_blocked, id=7564, stack(0x00000051dfc00000,0x00000051dfd00000)]
  0x00000228a3f55950 JavaThread "http-nio-8080-exec-2" daemon [_thread_blocked, id=3352, stack(0x00000051e1f00000,0x00000051e2000000)]
  0x00000228a3f58e40 JavaThread "Thread-47" [_thread_blocked, id=25912, stack(0x00000051e1000000,0x00000051e1100000)]
=>0x00000228a3f54610 JavaThread "restartedMain" [_thread_in_Java, id=46032, stack(0x00000051e1900000,0x00000051e1a00000)]
  0x00000228a3f57630 JavaThread "Catalina-utility-1" [_thread_blocked, id=3488, stack(0x00000051e1800000,0x00000051e1900000)]
  0x00000228a3f567c0 JavaThread "Catalina-utility-2" [_thread_blocked, id=40732, stack(0x00000051e1a00000,0x00000051e1b00000)]
  0x00000228a3f56c90 JavaThread "container-0" [_thread_blocked, id=17208, stack(0x00000051e1b00000,0x00000051e1c00000)]
  0x00000228a3f5aff0 JavaThread "HikariPool-13:housekeeper" daemon [_thread_blocked, id=6128, stack(0x00000051e1d00000,0x00000051e1e00000)]

Other Threads:
  0x000002289e55fe10 VMThread "VM Thread" [stack: 0x00000051e0200000,0x00000051e0300000] [id=33012]
  0x00000228a315ad10 WatcherThread "VM Periodic Task Thread" [stack: 0x00000051e1200000,0x00000051e1300000] [id=41100]
  0x00000228ff9b9a50 WorkerThread "GC Thread#0" [stack: 0x00000051dfd00000,0x00000051dfe00000] [id=46392]
  0x00000228a33371b0 WorkerThread "GC Thread#1" [stack: 0x00000051e1300000,0x00000051e1400000] [id=17744]
  0x00000228a32c8aa0 WorkerThread "GC Thread#2" [stack: 0x00000051e1400000,0x00000051e1500000] [id=11616]
  0x00000228a3367f90 WorkerThread "GC Thread#3" [stack: 0x00000051e1500000,0x00000051e1600000] [id=22560]
  0x00000228ff9ca040 ConcurrentGCThread "G1 Main Marker" [stack: 0x00000051dfe00000,0x00000051dff00000] [id=46056]
  0x00000228ff9cba40 WorkerThread "G1 Conc#0" [stack: 0x00000051dff00000,0x00000051e0000000] [id=46868]
  0x00000228ffa08320 ConcurrentGCThread "G1 Refine#0" [stack: 0x00000051e0000000,0x00000051e0100000] [id=45484]
  0x00000228a330c450 ConcurrentGCThread "G1 Refine#1" [stack: 0x00000051e1600000,0x00000051e1700000] [id=13684]
  0x00000228ffa09c40 ConcurrentGCThread "G1 Service" [stack: 0x00000051e0100000,0x00000051e0200000] [id=20920]

Threads with active compile tasks:

VM state: not at safepoint (normal execution)

VM Mutex/Monitor currently owned by a thread: None

Heap address: 0x0000000084a00000, size: 1974 MB, Compressed Oops mode: 32-bit

CDS archive(s) mapped at: [0x0000000800000000-0x0000000800ba0000-0x0000000800ba0000), size 12189696, SharedBaseAddress: 0x0000000800000000, ArchiveRelocationMode: 0.
Compressed class space mapped at: 0x0000000800c00000-0x0000000840c00000, reserved size: 1073741824
Narrow klass base: 0x0000000800000000, Narrow klass shift: 0, Narrow klass range: 0x100000000

GC Precious Log:
 CardTable entry size: 512
 Card Set container configuration: InlinePtr #cards 5 size 8 Array Of Cards #cards 12 size 40 Howl #buckets 4 coarsen threshold 1843 Howl Bitmap #cards 512 size 80 coarsen threshold 460 Card regions per heap region 1 cards per card region 2048
 CPUs: 4 total, 4 available
 Memory: 7894M
 Large Page Support: Disabled
 NUMA Support: Disabled
 Compressed Oops: Enabled (32-bit)
 Heap Region Size: 1M
 Heap Min Capacity: 8M
 Heap Initial Capacity: 124M
 Heap Max Capacity: 1974M
 Pre-touch: Disabled
 Parallel Workers: 4
 Concurrent Workers: 1
 Concurrent Refinement Workers: 4
 Periodic GC: Disabled

Heap:
 garbage-first heap   total 130048K, used 82518K [0x0000000084a00000, 0x0000000100000000)
  region size 1024K, 20 young (20480K), 4 survivors (4096K)
 Metaspace       used 76968K, committed 77952K, reserved 1179648K
  class space    used 9757K, committed 10240K, reserved 1048576K

Heap Regions: E=young(eden), S=young(survivor), O=old, HS=humongous(starts), HC=humongous(continues), CS=collection set, F=free, OA=open archive, CA=closed archive, TAMS=top-at-mark-start (previous, next)
|   0|0x0000000084a00000, 0x0000000084b00000, 0x0000000084b00000|100%|HS|  |TAMS 0x0000000084b00000, 0x0000000084a00000| Complete 
|   1|0x0000000084b00000, 0x0000000084c00000, 0x0000000084c00000|100%|HS|  |TAMS 0x0000000084c00000, 0x0000000084b00000| Complete 
|   2|0x0000000084c00000, 0x0000000084cfffe8, 0x0000000084d00000| 99%| O|  |TAMS 0x0000000084cfffe8, 0x0000000084c00000| Untracked 
|   3|0x0000000084d00000, 0x0000000084e00000, 0x0000000084e00000|100%| O|  |TAMS 0x0000000084e00000, 0x0000000084d00000| Untracked 
|   4|0x0000000084e00000, 0x0000000084f00000, 0x0000000084f00000|100%| O|  |TAMS 0x0000000084f00000, 0x0000000084e00000| Untracked 
|   5|0x0000000084f00000, 0x0000000085000000, 0x0000000085000000|100%| O|  |TAMS 0x0000000085000000, 0x0000000084f00000| Untracked 
|   6|0x0000000085000000, 0x00000000850ffff0, 0x0000000085100000| 99%| O|  |TAMS 0x00000000850ffff0, 0x0000000085000000| Untracked 
|   7|0x0000000085100000, 0x00000000851fffe8, 0x0000000085200000| 99%| O|  |TAMS 0x00000000851fffe8, 0x0000000085100000| Untracked 
|   8|0x0000000085200000, 0x00000000852fffd0, 0x0000000085300000| 99%| O|  |TAMS 0x00000000852fffd0, 0x0000000085200000| Untracked 
|   9|0x0000000085300000, 0x00000000853fffe8, 0x0000000085400000| 99%| O|  |TAMS 0x00000000853fffe8, 0x0000000085300000| Untracked 
|  10|0x0000000085400000, 0x00000000854fffd0, 0x0000000085500000| 99%| O|  |TAMS 0x00000000854fffd0, 0x0000000085400000| Untracked 
|  11|0x0000000085500000, 0x00000000855fffd0, 0x0000000085600000| 99%| O|  |TAMS 0x00000000855fffd0, 0x0000000085500000| Untracked 
|  12|0x0000000085600000, 0x00000000856fffd8, 0x0000000085700000| 99%| O|  |TAMS 0x00000000856fffd8, 0x0000000085600000| Untracked 
|  13|0x0000000085700000, 0x00000000857fffb8, 0x0000000085800000| 99%| O|  |TAMS 0x00000000857fffb8, 0x0000000085700000| Untracked 
|  14|0x0000000085800000, 0x00000000858ffff0, 0x0000000085900000| 99%| O|  |TAMS 0x00000000858ffff0, 0x0000000085800000| Untracked 
|  15|0x0000000085900000, 0x00000000859fffe0, 0x0000000085a00000| 99%| O|  |TAMS 0x00000000859fffe0, 0x0000000085900000| Untracked 
|  16|0x0000000085a00000, 0x0000000085afffd8, 0x0000000085b00000| 99%| O|  |TAMS 0x0000000085afffd8, 0x0000000085a00000| Untracked 
|  17|0x0000000085b00000, 0x0000000085c00000, 0x0000000085c00000|100%| O|  |TAMS 0x0000000085c00000, 0x0000000085b00000| Untracked 
|  18|0x0000000085c00000, 0x0000000085d00000, 0x0000000085d00000|100%| O|  |TAMS 0x0000000085d00000, 0x0000000085c00000| Untracked 
|  19|0x0000000085d00000, 0x0000000085dffff0, 0x0000000085e00000| 99%| O|  |TAMS 0x0000000085dffff0, 0x0000000085d00000| Untracked 
|  20|0x0000000085e00000, 0x0000000085effff0, 0x0000000085f00000| 99%| O|  |TAMS 0x0000000085effff0, 0x0000000085e00000| Untracked 
|  21|0x0000000085f00000, 0x0000000085ffffb8, 0x0000000086000000| 99%| O|  |TAMS 0x0000000085ffffb8, 0x0000000085f00000| Untracked 
|  22|0x0000000086000000, 0x00000000860ffff8, 0x0000000086100000| 99%| O|  |TAMS 0x00000000860ffff8, 0x0000000086000000| Untracked 
|  23|0x0000000086100000, 0x00000000861ffa50, 0x0000000086200000| 99%| O|  |TAMS 0x00000000861ffa50, 0x0000000086100000| Untracked 
|  24|0x0000000086200000, 0x0000000086300000, 0x0000000086300000|100%| O|  |TAMS 0x0000000086300000, 0x0000000086200000| Untracked 
|  25|0x0000000086300000, 0x0000000086400000, 0x0000000086400000|100%| O|  |TAMS 0x0000000086400000, 0x0000000086300000| Untracked 
|  26|0x0000000086400000, 0x00000000864ff968, 0x0000000086500000| 99%| O|  |TAMS 0x00000000864ff968, 0x0000000086400000| Untracked 
|  27|0x0000000086500000, 0x00000000865ffff8, 0x0000000086600000| 99%| O|  |TAMS 0x00000000865ffff8, 0x0000000086500000| Untracked 
|  28|0x0000000086600000, 0x00000000866ffff8, 0x0000000086700000| 99%| O|  |TAMS 0x00000000866ffff8, 0x0000000086600000| Untracked 
|  29|0x0000000086700000, 0x00000000867fffb8, 0x0000000086800000| 99%| O|  |TAMS 0x00000000867fffb8, 0x0000000086700000| Untracked 
|  30|0x0000000086800000, 0x00000000868fd4e0, 0x0000000086900000| 98%| O|  |TAMS 0x00000000868fd4e0, 0x0000000086800000| Untracked 
|  31|0x0000000086900000, 0x0000000086a00000, 0x0000000086a00000|100%| O|  |TAMS 0x0000000086a00000, 0x0000000086900000| Untracked 
|  32|0x0000000086a00000, 0x0000000086afffe0, 0x0000000086b00000| 99%| O|  |TAMS 0x0000000086afffe0, 0x0000000086a00000| Untracked 
|  33|0x0000000086b00000, 0x0000000086c00000, 0x0000000086c00000|100%| O|  |TAMS 0x0000000086c00000, 0x0000000086b00000| Untracked 
|  34|0x0000000086c00000, 0x0000000086cffff0, 0x0000000086d00000| 99%| O|  |TAMS 0x0000000086cffff0, 0x0000000086c00000| Untracked 
|  35|0x0000000086d00000, 0x0000000086dff3a8, 0x0000000086e00000| 99%| O|  |TAMS 0x0000000086dff3a8, 0x0000000086d00000| Untracked 
|  36|0x0000000086e00000, 0x0000000086efff90, 0x0000000086f00000| 99%| O|  |TAMS 0x0000000086efff90, 0x0000000086e00000| Untracked 
|  37|0x0000000086f00000, 0x0000000086ffffe8, 0x0000000087000000| 99%| O|  |TAMS 0x0000000086ffffe8, 0x0000000086f00000| Untracked 
|  38|0x0000000087000000, 0x0000000087100000, 0x0000000087100000|100%| O|  |TAMS 0x0000000087100000, 0x0000000087000000| Untracked 
|  39|0x0000000087100000, 0x0000000087200000, 0x0000000087200000|100%| O|  |TAMS 0x0000000087200000, 0x0000000087100000| Untracked 
|  40|0x0000000087200000, 0x00000000872fff80, 0x0000000087300000| 99%| O|  |TAMS 0x00000000872fff80, 0x0000000087200000| Untracked 
|  41|0x0000000087300000, 0x0000000087400000, 0x0000000087400000|100%| O|  |TAMS 0x0000000087400000, 0x0000000087300000| Untracked 
|  42|0x0000000087400000, 0x00000000874ffff8, 0x0000000087500000| 99%| O|  |TAMS 0x00000000874ffff8, 0x0000000087400000| Untracked 
|  43|0x0000000087500000, 0x00000000875ffff8, 0x0000000087600000| 99%| O|  |TAMS 0x00000000875ffff8, 0x0000000087500000| Untracked 
|  44|0x0000000087600000, 0x0000000087700000, 0x0000000087700000|100%| O|  |TAMS 0x0000000087700000, 0x0000000087600000| Untracked 
|  45|0x0000000087700000, 0x0000000087800000, 0x0000000087800000|100%| O|  |TAMS 0x0000000087800000, 0x0000000087700000| Untracked 
|  46|0x0000000087800000, 0x00000000878ffff8, 0x0000000087900000| 99%| O|  |TAMS 0x00000000878ffff8, 0x0000000087800000| Untracked 
|  47|0x0000000087900000, 0x00000000879fffb8, 0x0000000087a00000| 99%| O|  |TAMS 0x00000000879fffb8, 0x0000000087900000| Untracked 
|  48|0x0000000087a00000, 0x0000000087afffe8, 0x0000000087b00000| 99%| O|  |TAMS 0x0000000087afffe8, 0x0000000087a00000| Untracked 
|  49|0x0000000087b00000, 0x0000000087bfffe8, 0x0000000087c00000| 99%| O|  |TAMS 0x0000000087bfffe8, 0x0000000087b00000| Untracked 
|  50|0x0000000087c00000, 0x0000000087cfffe8, 0x0000000087d00000| 99%| O|  |TAMS 0x0000000087cfffe8, 0x0000000087c00000| Untracked 
|  51|0x0000000087d00000, 0x0000000087dffff8, 0x0000000087e00000| 99%| O|  |TAMS 0x0000000087dffff8, 0x0000000087d00000| Untracked 
|  52|0x0000000087e00000, 0x0000000087effff8, 0x0000000087f00000| 99%| O|  |TAMS 0x0000000087effff8, 0x0000000087e00000| Untracked 
|  53|0x0000000087f00000, 0x0000000087fffff0, 0x0000000088000000| 99%| O|  |TAMS 0x0000000087fffff0, 0x0000000087f00000| Untracked 
|  54|0x0000000088000000, 0x00000000880ffff8, 0x0000000088100000| 99%| O|  |TAMS 0x00000000880ffff8, 0x0000000088000000| Untracked 
|  55|0x0000000088100000, 0x00000000881ffff0, 0x0000000088200000| 99%| O|  |TAMS 0x00000000881ffff0, 0x0000000088100000| Untracked 
|  56|0x0000000088200000, 0x00000000882ffff8, 0x0000000088300000| 99%| O|  |TAMS 0x00000000882ffff8, 0x0000000088200000| Untracked 
|  57|0x0000000088300000, 0x00000000883ffff8, 0x0000000088400000| 99%| O|  |TAMS 0x00000000883ffff8, 0x0000000088300000| Untracked 
|  58|0x0000000088400000, 0x00000000884ffff0, 0x0000000088500000| 99%| O|  |TAMS 0x00000000884ffff0, 0x0000000088400000| Untracked 
|  59|0x0000000088500000, 0x00000000885fffc8, 0x0000000088600000| 99%| O|  |TAMS 0x00000000885fffc8, 0x0000000088500000| Untracked 
|  60|0x0000000088600000, 0x00000000886fffe0, 0x0000000088700000| 99%| O|  |TAMS 0x00000000886fffe0, 0x0000000088600000| Untracked 
|  61|0x0000000088700000, 0x00000000887ad2b0, 0x0000000088800000| 67%| O|  |TAMS 0x00000000887ad2b0, 0x0000000088700000| Untracked 
|  62|0x0000000088800000, 0x0000000088800000, 0x0000000088900000|  0%| F|  |TAMS 0x0000000088800000, 0x0000000088800000| Untracked 
|  63|0x0000000088900000, 0x00000000889afb30, 0x0000000088a00000| 68%| O|  |TAMS 0x00000000889afb30, 0x0000000088900000| Untracked 
|  64|0x0000000088a00000, 0x0000000088a6d6a0, 0x0000000088b00000| 42%| O|  |TAMS 0x0000000088a6d6a0, 0x0000000088a00000| Untracked 
|  65|0x0000000088b00000, 0x0000000088b00000, 0x0000000088c00000|  0%| F|  |TAMS 0x0000000088b00000, 0x0000000088b00000| Untracked 
|  66|0x0000000088c00000, 0x0000000088c00000, 0x0000000088d00000|  0%| F|  |TAMS 0x0000000088c00000, 0x0000000088c00000| Untracked 
|  67|0x0000000088d00000, 0x0000000088d00000, 0x0000000088e00000|  0%| F|  |TAMS 0x0000000088d00000, 0x0000000088d00000| Untracked 
|  68|0x0000000088e00000, 0x0000000088e00000, 0x0000000088f00000|  0%| F|  |TAMS 0x0000000088e00000, 0x0000000088e00000| Untracked 
|  69|0x0000000088f00000, 0x0000000088f00000, 0x0000000089000000|  0%| F|  |TAMS 0x0000000088f00000, 0x0000000088f00000| Untracked 
|  70|0x0000000089000000, 0x0000000089000000, 0x0000000089100000|  0%| F|  |TAMS 0x0000000089000000, 0x0000000089000000| Untracked 
|  71|0x0000000089100000, 0x0000000089100000, 0x0000000089200000|  0%| F|  |TAMS 0x0000000089100000, 0x0000000089100000| Untracked 
|  72|0x0000000089200000, 0x0000000089200000, 0x0000000089300000|  0%| F|  |TAMS 0x0000000089200000, 0x0000000089200000| Untracked 
|  73|0x0000000089300000, 0x0000000089300000, 0x0000000089400000|  0%| F|  |TAMS 0x0000000089300000, 0x0000000089300000| Untracked 
|  74|0x0000000089400000, 0x0000000089400000, 0x0000000089500000|  0%| F|  |TAMS 0x0000000089400000, 0x0000000089400000| Untracked 
|  75|0x0000000089500000, 0x0000000089500000, 0x0000000089600000|  0%| F|  |TAMS 0x0000000089500000, 0x0000000089500000| Untracked 
|  76|0x0000000089600000, 0x0000000089600000, 0x0000000089700000|  0%| F|  |TAMS 0x0000000089600000, 0x0000000089600000| Untracked 
|  77|0x0000000089700000, 0x0000000089700000, 0x0000000089800000|  0%| F|  |TAMS 0x0000000089700000, 0x0000000089700000| Untracked 
|  78|0x0000000089800000, 0x0000000089800000, 0x0000000089900000|  0%| F|  |TAMS 0x0000000089800000, 0x0000000089800000| Untracked 
|  79|0x0000000089900000, 0x0000000089900000, 0x0000000089a00000|  0%| F|  |TAMS 0x0000000089900000, 0x0000000089900000| Untracked 
|  80|0x0000000089a00000, 0x0000000089a00000, 0x0000000089b00000|  0%| F|  |TAMS 0x0000000089a00000, 0x0000000089a00000| Untracked 
|  81|0x0000000089b00000, 0x0000000089b00000, 0x0000000089c00000|  0%| F|  |TAMS 0x0000000089b00000, 0x0000000089b00000| Untracked 
|  82|0x0000000089c00000, 0x0000000089c00000, 0x0000000089d00000|  0%| F|  |TAMS 0x0000000089c00000, 0x0000000089c00000| Untracked 
|  83|0x0000000089d00000, 0x0000000089d00000, 0x0000000089e00000|  0%| F|  |TAMS 0x0000000089d00000, 0x0000000089d00000| Untracked 
|  84|0x0000000089e00000, 0x0000000089ecfd20, 0x0000000089f00000| 81%| S|CS|TAMS 0x0000000089e00000, 0x0000000089e00000| Complete 
|  85|0x0000000089f00000, 0x000000008a000000, 0x000000008a000000|100%| S|CS|TAMS 0x0000000089f00000, 0x0000000089f00000| Complete 
|  86|0x000000008a000000, 0x000000008a100000, 0x000000008a100000|100%| S|CS|TAMS 0x000000008a000000, 0x000000008a000000| Complete 
|  87|0x000000008a100000, 0x000000008a200000, 0x000000008a200000|100%| S|CS|TAMS 0x000000008a100000, 0x000000008a100000| Complete 
|  88|0x000000008a200000, 0x000000008a200000, 0x000000008a300000|  0%| F|  |TAMS 0x000000008a200000, 0x000000008a200000| Untracked 
|  89|0x000000008a300000, 0x000000008a300000, 0x000000008a400000|  0%| F|  |TAMS 0x000000008a300000, 0x000000008a300000| Untracked 
|  90|0x000000008a400000, 0x000000008a400000, 0x000000008a500000|  0%| F|  |TAMS 0x000000008a400000, 0x000000008a400000| Untracked 
|  91|0x000000008a500000, 0x000000008a500000, 0x000000008a600000|  0%| F|  |TAMS 0x000000008a500000, 0x000000008a500000| Untracked 
|  92|0x000000008a600000, 0x000000008a600000, 0x000000008a700000|  0%| F|  |TAMS 0x000000008a600000, 0x000000008a600000| Untracked 
|  93|0x000000008a700000, 0x000000008a700000, 0x000000008a800000|  0%| F|  |TAMS 0x000000008a700000, 0x000000008a700000| Untracked 
|  94|0x000000008a800000, 0x000000008a800000, 0x000000008a900000|  0%| F|  |TAMS 0x000000008a800000, 0x000000008a800000| Untracked 
|  95|0x000000008a900000, 0x000000008a900000, 0x000000008aa00000|  0%| F|  |TAMS 0x000000008a900000, 0x000000008a900000| Untracked 
|  96|0x000000008aa00000, 0x000000008aa00000, 0x000000008ab00000|  0%| F|  |TAMS 0x000000008aa00000, 0x000000008aa00000| Untracked 
|  97|0x000000008ab00000, 0x000000008ab00000, 0x000000008ac00000|  0%| F|  |TAMS 0x000000008ab00000, 0x000000008ab00000| Untracked 
|  98|0x000000008ac00000, 0x000000008ac00000, 0x000000008ad00000|  0%| F|  |TAMS 0x000000008ac00000, 0x000000008ac00000| Untracked 
|  99|0x000000008ad00000, 0x000000008ad00000, 0x000000008ae00000|  0%| F|  |TAMS 0x000000008ad00000, 0x000000008ad00000| Untracked 
| 100|0x000000008ae00000, 0x000000008ae00000, 0x000000008af00000|  0%| F|  |TAMS 0x000000008ae00000, 0x000000008ae00000| Untracked 
| 101|0x000000008af00000, 0x000000008af00000, 0x000000008b000000|  0%| F|  |TAMS 0x000000008af00000, 0x000000008af00000| Untracked 
| 102|0x000000008b000000, 0x000000008b000000, 0x000000008b100000|  0%| F|  |TAMS 0x000000008b000000, 0x000000008b000000| Untracked 
| 103|0x000000008b100000, 0x000000008b100000, 0x000000008b200000|  0%| F|  |TAMS 0x000000008b100000, 0x000000008b100000| Untracked 
| 104|0x000000008b200000, 0x000000008b200000, 0x000000008b300000|  0%| F|  |TAMS 0x000000008b200000, 0x000000008b200000| Untracked 
| 105|0x000000008b300000, 0x000000008b300000, 0x000000008b400000|  0%| F|  |TAMS 0x000000008b300000, 0x000000008b300000| Untracked 
| 106|0x000000008b400000, 0x000000008b400000, 0x000000008b500000|  0%| F|  |TAMS 0x000000008b400000, 0x000000008b400000| Untracked 
| 107|0x000000008b500000, 0x000000008b500000, 0x000000008b600000|  0%| F|  |TAMS 0x000000008b500000, 0x000000008b500000| Untracked 
| 108|0x000000008b600000, 0x000000008b600000, 0x000000008b700000|  0%| F|  |TAMS 0x000000008b600000, 0x000000008b600000| Untracked 
| 109|0x000000008b700000, 0x000000008b700000, 0x000000008b800000|  0%| F|  |TAMS 0x000000008b700000, 0x000000008b700000| Untracked 
| 110|0x000000008b800000, 0x000000008b800000, 0x000000008b900000|  0%| F|  |TAMS 0x000000008b800000, 0x000000008b800000| Untracked 
| 111|0x000000008b900000, 0x000000008b99dd28, 0x000000008ba00000| 61%| E|  |TAMS 0x000000008b900000, 0x000000008b900000| Complete 
| 112|0x000000008ba00000, 0x000000008bb00000, 0x000000008bb00000|100%| E|CS|TAMS 0x000000008ba00000, 0x000000008ba00000| Complete 
| 113|0x000000008bb00000, 0x000000008bc00000, 0x000000008bc00000|100%| E|CS|TAMS 0x000000008bb00000, 0x000000008bb00000| Complete 
| 114|0x000000008bc00000, 0x000000008bd00000, 0x000000008bd00000|100%| E|CS|TAMS 0x000000008bc00000, 0x000000008bc00000| Complete 
| 115|0x000000008bd00000, 0x000000008be00000, 0x000000008be00000|100%| E|CS|TAMS 0x000000008bd00000, 0x000000008bd00000| Complete 
| 116|0x000000008be00000, 0x000000008bf00000, 0x000000008bf00000|100%| E|CS|TAMS 0x000000008be00000, 0x000000008be00000| Complete 
| 117|0x000000008bf00000, 0x000000008c000000, 0x000000008c000000|100%| E|CS|TAMS 0x000000008bf00000, 0x000000008bf00000| Complete 
| 118|0x000000008c000000, 0x000000008c100000, 0x000000008c100000|100%| E|  |TAMS 0x000000008c000000, 0x000000008c000000| Complete 
| 119|0x000000008c100000, 0x000000008c200000, 0x000000008c200000|100%| E|CS|TAMS 0x000000008c100000, 0x000000008c100000| Complete 
| 120|0x000000008c200000, 0x000000008c300000, 0x000000008c300000|100%| E|CS|TAMS 0x000000008c200000, 0x000000008c200000| Complete 
| 121|0x000000008c300000, 0x000000008c400000, 0x000000008c400000|100%| E|CS|TAMS 0x000000008c300000, 0x000000008c300000| Complete 
| 122|0x000000008c400000, 0x000000008c500000, 0x000000008c500000|100%| E|CS|TAMS 0x000000008c400000, 0x000000008c400000| Complete 
| 123|0x000000008c500000, 0x000000008c600000, 0x000000008c600000|100%| E|CS|TAMS 0x000000008c500000, 0x000000008c500000| Complete 
|1970|0x00000000ffc00000, 0x00000000ffd00000, 0x00000000ffd00000|100%| E|CS|TAMS 0x00000000ffc00000, 0x00000000ffc00000| Complete 
|1971|0x00000000ffd00000, 0x00000000ffe00000, 0x00000000ffe00000|100%| E|CS|TAMS 0x00000000ffd00000, 0x00000000ffd00000| Complete 
|1972|0x00000000ffe00000, 0x00000000fff00000, 0x00000000fff00000|100%| E|CS|TAMS 0x00000000ffe00000, 0x00000000ffe00000| Complete 

Card table byte_map: [0x0000022897c80000,0x0000022898060000] _byte_map_base: 0x000002289785b000

Marking Bits (Prev, Next): (CMBitMap*) 0x00000228ff9ba050, (CMBitMap*) 0x00000228ff9ba090
 Prev Bits: [0x0000022898440000, 0x000002289a318000)
 Next Bits: [0x000002289a320000, 0x000002289c1f8000)

Polling page: 0x00000228feca0000

Metaspace:

Usage:
  Non-class:     65.64 MB used.
      Class:      9.53 MB used.
       Both:     75.16 MB used.

Virtual space:
  Non-class space:      128.00 MB reserved,      66.12 MB ( 52%) committed,  2 nodes.
      Class space:        1.00 GB reserved,      10.00 MB ( <1%) committed,  1 nodes.
             Both:        1.12 GB reserved,      76.12 MB (  7%) committed. 

Chunk freelists:
   Non-Class:  1.20 MB
       Class:  2.06 MB
        Both:  3.26 MB

MaxMetaspaceSize: unlimited
CompressedClassSpaceSize: 1.00 GB
Initial GC threshold: 21.00 MB
Current GC threshold: 126.50 MB
CDS: on
MetaspaceReclaimPolicy: balanced
 - commit_granule_bytes: 65536.
 - commit_granule_words: 8192.
 - virtual_space_node_default_size: 8388608.
 - enlarge_chunks_in_place: 1.
 - new_chunks_are_fully_committed: 0.
 - uncommit_free_chunks: 1.
 - use_allocation_guard: 0.


Internal statistics:

num_allocs_failed_limit: 12.
num_arena_births: 1288.
num_arena_deaths: 0.
num_vsnodes_births: 3.
num_vsnodes_deaths: 0.
num_space_committed: 1218.
num_space_uncommitted: 0.
num_chunks_returned_to_freelist: 12.
num_chunks_taken_from_freelist: 4215.
num_chunk_merges: 12.
num_chunk_splits: 2974.
num_chunks_enlarged: 2293.
num_inconsistent_stats: 0.

CodeHeap 'non-profiled nmethods': size=120000Kb used=9467Kb max_used=9467Kb free=110532Kb
 bounds [0x0000022890750000, 0x0000022891090000, 0x0000022897c80000]
CodeHeap 'profiled nmethods': size=120000Kb used=21035Kb max_used=21035Kb free=98964Kb
 bounds [0x0000022889220000, 0x000002288a6b0000, 0x0000022890750000]
CodeHeap 'non-nmethods': size=5760Kb used=1448Kb max_used=1518Kb free=4311Kb
 bounds [0x0000022888c80000, 0x0000022888ef0000, 0x0000022889220000]
 total_blobs=11150 nmethods=10458 adapters=603
 compilation: enabled
              stopped_count=0, restarted_count=0
 full_count=0

Compilation events (20 events):
Event: 1348.741 Thread 0x000002289e58e990 12423       1       com.zaxxer.hikari.HikariConfig::getConnectionInitSql (5 bytes)
Event: 1348.741 Thread 0x000002289e58e990 nmethod 12423 0x000002289108d810 code [0x000002289108d9a0, 0x000002289108da78]
Event: 1348.741 Thread 0x000002289e58e990 12424       1       com.zaxxer.hikari.HikariConfig::getMaxLifetime (5 bytes)
Event: 1348.741 Thread 0x000002289e58e990 nmethod 12424 0x000002289108db10 code [0x000002289108dca0, 0x000002289108dd78]
Event: 1348.741 Thread 0x000002289e58e990 12425       1       com.zaxxer.hikari.pool.PoolEntry::setFutureEol (6 bytes)
Event: 1348.741 Thread 0x000002289e58e990 nmethod 12425 0x000002289108de10 code [0x000002289108dfa0, 0x000002289108e0b8]
Event: 1348.741 Thread 0x000002289e58e990 12426       1       com.zaxxer.hikari.HikariConfig::getKeepaliveTime (5 bytes)
Event: 1348.741 Thread 0x000002289e58e990 nmethod 12426 0x000002289108e110 code [0x000002289108e2a0, 0x000002289108e378]
Event: 1348.741 Thread 0x000002289e58e990 12427       1       com.zaxxer.hikari.pool.PoolEntry::setKeepalive (6 bytes)
Event: 1348.741 Thread 0x000002289e58e990 nmethod 12427 0x000002289108e410 code [0x000002289108e5a0, 0x000002289108e6b8]
Event: 1348.782 Thread 0x000002289e58e990 12428       3       com.mysql.cj.Messages::getString (8 bytes)
Event: 1348.782 Thread 0x000002289e58e990 nmethod 12428 0x000002288a6a8890 code [0x000002288a6a8a20, 0x000002288a6a8b48]
Event: 1348.782 Thread 0x000002289e58e990 12429   !   3       com.mysql.cj.Messages::getString (99 bytes)
Event: 1348.783 Thread 0x000002289e58e990 nmethod 12429 0x000002288a6a8c10 code [0x000002288a6a8f40, 0x000002288a6a9ef8]
Event: 1348.829 Thread 0x000002289e58e990 12430       3       java.nio.charset.Charset::lookup2 (78 bytes)
Event: 1348.830 Thread 0x000002289e58e990 nmethod 12430 0x000002288a6aa610 code [0x000002288a6aa880, 0x000002288a6ab4c8]
Event: 1348.831 Thread 0x000002289e5898b0 12431       4       java.nio.charset.Charset::lookup (44 bytes)
Event: 1348.833 Thread 0x000002289e5898b0 nmethod 12431 0x000002289108e710 code [0x000002289108e8a0, 0x000002289108eb48]
Event: 1366.340 Thread 0x000002289e5898b0 12432       4       org.eclipse.jdt.launching.internal.org.objectweb.asm.ClassReader::readElementValues (88 bytes)
Event: 1366.390 Thread 0x000002289e5898b0 


GC Heap History (20 events):
Event: 1122.375 GC heap before
{Heap before GC invocations=48 (full 9):
 garbage-first heap   total 107520K, used 84372K [0x0000000084a00000, 0x0000000100000000)
  region size 1024K, 30 young (30720K), 3 survivors (3072K)
 Metaspace       used 75943K, committed 76864K, reserved 1179648K
  class space    used 9704K, committed 10112K, reserved 1048576K
}
Event: 1122.383 GC heap after
{Heap after GC invocations=49 (full 9):
 garbage-first heap   total 107520K, used 60287K [0x0000000084a00000, 0x0000000100000000)
  region size 1024K, 3 young (3072K), 3 survivors (3072K)
 Metaspace       used 75943K, committed 76864K, reserved 1179648K
  class space    used 9704K, committed 10112K, reserved 1048576K
}
Event: 1122.405 GC heap before
{Heap before GC invocations=49 (full 9):
 garbage-first heap   total 107520K, used 62335K [0x0000000084a00000, 0x0000000100000000)
  region size 1024K, 5 young (5120K), 3 survivors (3072K)
 Metaspace       used 75951K, committed 76864K, reserved 1179648K
  class space    used 9704K, committed 10112K, reserved 1048576K
}
Event: 1122.413 GC heap after
{Heap after GC invocations=50 (full 9):
 garbage-first heap   total 107520K, used 60596K [0x0000000084a00000, 0x0000000100000000)
  region size 1024K, 1 young (1024K), 1 survivors (1024K)
 Metaspace       used 75951K, committed 76864K, reserved 1179648K
  class space    used 9704K, committed 10112K, reserved 1048576K
}
Event: 1130.163 GC heap before
{Heap before GC invocations=50 (full 9):
 garbage-first heap   total 107520K, used 72884K [0x0000000084a00000, 0x0000000100000000)
  region size 1024K, 14 young (14336K), 1 survivors (1024K)
 Metaspace       used 76023K, committed 76928K, reserved 1179648K
  class space    used 9706K, committed 10112K, reserved 1048576K
}
Event: 1130.244 GC heap after
{Heap after GC invocations=51 (full 10):
 garbage-first heap   total 107520K, used 57667K [0x0000000084a00000, 0x0000000100000000)
  region size 1024K, 0 young (0K), 0 survivors (0K)
 Metaspace       used 76023K, committed 76928K, reserved 1179648K
  class space    used 9706K, committed 10112K, reserved 1048576K
}
Event: 1130.541 GC heap before
{Heap before GC invocations=51 (full 10):
 garbage-first heap   total 107520K, used 86339K [0x0000000084a00000, 0x0000000100000000)
  region size 1024K, 28 young (28672K), 0 survivors (0K)
 Metaspace       used 76057K, committed 76928K, reserved 1179648K
  class space    used 9708K, committed 10112K, reserved 1048576K
}
Event: 1130.579 GC heap after
{Heap after GC invocations=52 (full 10):
 garbage-first heap   total 107520K, used 60374K [0x0000000084a00000, 0x0000000100000000)
  region size 1024K, 3 young (3072K), 3 survivors (3072K)
 Metaspace       used 76057K, committed 76928K, reserved 1179648K
  class space    used 9708K, committed 10112K, reserved 1048576K
}
Event: 1131.011 GC heap before
{Heap before GC invocations=53 (full 10):
 garbage-first heap   total 116736K, used 84950K [0x0000000084a00000, 0x0000000100000000)
  region size 1024K, 28 young (28672K), 3 survivors (3072K)
 Metaspace       used 76250K, committed 77184K, reserved 1179648K
  class space    used 9719K, committed 10176K, reserved 1048576K
}
Event: 1131.017 GC heap after
{Heap after GC invocations=54 (full 10):
 garbage-first heap   total 116736K, used 62698K [0x0000000084a00000, 0x0000000100000000)
  region size 1024K, 3 young (3072K), 3 survivors (3072K)
 Metaspace       used 76250K, committed 77184K, reserved 1179648K
  class space    used 9719K, committed 10176K, reserved 1048576K
}
Event: 1264.757 GC heap before
{Heap before GC invocations=54 (full 10):
 garbage-first heap   total 116736K, used 82154K [0x0000000084a00000, 0x0000000100000000)
  region size 1024K, 23 young (23552K), 3 survivors (3072K)
 Metaspace       used 76434K, committed 77376K, reserved 1179648K
  class space    used 9730K, committed 10176K, reserved 1048576K
}
Event: 1264.836 GC heap after
{Heap after GC invocations=55 (full 11):
 garbage-first heap   total 116736K, used 61294K [0x0000000084a00000, 0x0000000100000000)
  region size 1024K, 0 young (0K), 0 survivors (0K)
 Metaspace       used 76434K, committed 77376K, reserved 1179648K
  class space    used 9730K, committed 10176K, reserved 1048576K
}
Event: 1265.204 GC heap before
{Heap before GC invocations=55 (full 11):
 garbage-first heap   total 116736K, used 92014K [0x0000000084a00000, 0x0000000100000000)
  region size 1024K, 31 young (31744K), 0 survivors (0K)
 Metaspace       used 76480K, committed 77440K, reserved 1179648K
  class space    used 9733K, committed 10176K, reserved 1048576K
}
Event: 1265.209 GC heap after
{Heap after GC invocations=56 (full 11):
 garbage-first heap   total 116736K, used 64248K [0x0000000084a00000, 0x0000000100000000)
  region size 1024K, 3 young (3072K), 3 survivors (3072K)
 Metaspace       used 76480K, committed 77440K, reserved 1179648K
  class space    used 9733K, committed 10176K, reserved 1048576K
}
Event: 1265.645 GC heap before
{Heap before GC invocations=57 (full 11):
 garbage-first heap   total 126976K, used 91896K [0x0000000084a00000, 0x0000000100000000)
  region size 1024K, 31 young (31744K), 3 survivors (3072K)
 Metaspace       used 76693K, committed 77632K, reserved 1179648K
  class space    used 9744K, committed 10176K, reserved 1048576K
}
Event: 1265.655 GC heap after
{Heap after GC invocations=58 (full 11):
 garbage-first heap   total 126976K, used 66986K [0x0000000084a00000, 0x0000000100000000)
  region size 1024K, 3 young (3072K), 3 survivors (3072K)
 Metaspace       used 76693K, committed 77632K, reserved 1179648K
  class space    used 9744K, committed 10176K, reserved 1048576K
}
Event: 1347.653 GC heap before
{Heap before GC invocations=58 (full 11):
 garbage-first heap   total 126976K, used 78250K [0x0000000084a00000, 0x0000000100000000)
  region size 1024K, 16 young (16384K), 3 survivors (3072K)
 Metaspace       used 76757K, committed 77696K, reserved 1179648K
  class space    used 9745K, committed 10176K, reserved 1048576K
}
Event: 1347.744 GC heap after
{Heap after GC invocations=59 (full 12):
 garbage-first heap   total 126976K, used 64278K [0x0000000084a00000, 0x0000000100000000)
  region size 1024K, 0 young (0K), 0 survivors (0K)
 Metaspace       used 76757K, committed 77696K, reserved 1179648K
  class space    used 9745K, committed 10176K, reserved 1048576K
}
Event: 1348.130 GC heap before
{Heap before GC invocations=59 (full 12):
 garbage-first heap   total 126976K, used 101142K [0x0000000084a00000, 0x0000000100000000)
  region size 1024K, 36 young (36864K), 0 survivors (0K)
 Metaspace       used 76795K, committed 77760K, reserved 1179648K
  class space    used 9748K, committed 10176K, reserved 1048576K
}
Event: 1348.134 GC heap after
{Heap after GC invocations=60 (full 12):
 garbage-first heap   total 126976K, used 68182K [0x0000000084a00000, 0x0000000100000000)
  region size 1024K, 4 young (4096K), 4 survivors (4096K)
 Metaspace       used 76795K, committed 77760K, reserved 1179648K
  class space    used 9748K, committed 10176K, reserved 1048576K
}

Deoptimization events (20 events):
Event: 1348.404 Thread 0x00000228a3f54610 DEOPT PACKING pc=0x0000022890be0e9c sp=0x00000051e19f9aa0
Event: 1348.404 Thread 0x00000228a3f54610 DEOPT UNPACKING pc=0x0000022888cd5c23 sp=0x00000051e19f99d0 mode 2
Event: 1348.404 Thread 0x00000228a3f54610 Uncommon trap: trap_request=0xffffff97 fr.pc=0x0000022890be0e9c relative=0x00000000000027bc
Event: 1348.404 Thread 0x00000228a3f54610 Uncommon trap: reason=unhandled action=none pc=0x0000022890be0e9c method=java.net.URLClassLoader.findClass(Ljava/lang/String;)Ljava/lang/Class; @ 44 c2
Event: 1348.404 Thread 0x00000228a3f54610 DEOPT PACKING pc=0x0000022890be0e9c sp=0x00000051e19f9aa0
Event: 1348.404 Thread 0x00000228a3f54610 DEOPT UNPACKING pc=0x0000022888cd5c23 sp=0x00000051e19f99d0 mode 2
Event: 1348.404 Thread 0x00000228a3f54610 Uncommon trap: trap_request=0xffffff97 fr.pc=0x0000022890be0e9c relative=0x00000000000027bc
Event: 1348.404 Thread 0x00000228a3f54610 Uncommon trap: reason=unhandled action=none pc=0x0000022890be0e9c method=java.net.URLClassLoader.findClass(Ljava/lang/String;)Ljava/lang/Class; @ 44 c2
Event: 1348.404 Thread 0x00000228a3f54610 DEOPT PACKING pc=0x0000022890be0e9c sp=0x00000051e19f9aa0
Event: 1348.404 Thread 0x00000228a3f54610 DEOPT UNPACKING pc=0x0000022888cd5c23 sp=0x00000051e19f99d0 mode 2
Event: 1348.404 Thread 0x00000228a3f54610 Uncommon trap: trap_request=0xffffff97 fr.pc=0x0000022890be0e9c relative=0x00000000000027bc
Event: 1348.404 Thread 0x00000228a3f54610 Uncommon trap: reason=unhandled action=none pc=0x0000022890be0e9c method=java.net.URLClassLoader.findClass(Ljava/lang/String;)Ljava/lang/Class; @ 44 c2
Event: 1348.404 Thread 0x00000228a3f54610 DEOPT PACKING pc=0x0000022890be0e9c sp=0x00000051e19fccf0
Event: 1348.404 Thread 0x00000228a3f54610 DEOPT UNPACKING pc=0x0000022888cd5c23 sp=0x00000051e19fcc20 mode 2
Event: 1348.427 Thread 0x00000228a3f54610 Uncommon trap: trap_request=0xffffff97 fr.pc=0x0000022890be0e9c relative=0x00000000000027bc
Event: 1348.427 Thread 0x00000228a3f54610 Uncommon trap: reason=unhandled action=none pc=0x0000022890be0e9c method=java.net.URLClassLoader.findClass(Ljava/lang/String;)Ljava/lang/Class; @ 44 c2
Event: 1348.427 Thread 0x00000228a3f54610 DEOPT PACKING pc=0x0000022890be0e9c sp=0x00000051e19fcd70
Event: 1348.427 Thread 0x00000228a3f54610 DEOPT UNPACKING pc=0x0000022888cd5c23 sp=0x00000051e19fcca0 mode 2
Event: 1366.324 Thread 0x00000228a3f54610 DEOPT PACKING pc=0x0000022890f5b5d4 sp=0x00000051e19fca70
Event: 1366.324 Thread 0x00000228a3f54610 DEOPT UNPACKING pc=0x0000022888cd6763 sp=0x00000051e19fbef8 mode 0

Classes loaded (20 events):
Event: 278.828 Loading class java/security/KeyException done
Event: 278.828 Loading class java/security/InvalidKeyException done
Event: 278.828 Loading class java/security/SignatureException
Event: 278.828 Loading class java/security/SignatureException done
Event: 278.828 Loading class javax/crypto/NoSuchPaddingException
Event: 278.829 Loading class javax/crypto/NoSuchPaddingException done
Event: 278.829 Loading class javax/crypto/IllegalBlockSizeException
Event: 278.829 Loading class javax/crypto/IllegalBlockSizeException done
Event: 278.829 Loading class java/security/spec/InvalidKeySpecException
Event: 278.829 Loading class java/security/spec/InvalidKeySpecException done
Event: 278.830 Loading class javax/net/ssl/SSLSocket
Event: 278.830 Loading class javax/net/ssl/SSLSocket done
Event: 278.868 Loading class java/util/WeakHashMap$KeyIterator
Event: 278.871 Loading class java/util/WeakHashMap$HashIterator
Event: 278.872 Loading class java/util/WeakHashMap$HashIterator done
Event: 278.872 Loading class java/util/WeakHashMap$KeyIterator done
Event: 278.928 Loading class java/lang/ref/Finalizer$2
Event: 278.929 Loading class java/lang/ref/Finalizer$2 done
Event: 278.931 Loading class java/lang/ref/Finalizer$1
Event: 278.931 Loading class java/lang/ref/Finalizer$1 done

Classes unloaded (0 events):
No events

Classes redefined (20 events):
Event: 1346.217 Thread 0x000002289e55fe10 redefined class name=com.project.CRUDoperation.studentsImpl, count=12
Event: 1346.217 Thread 0x000002289e55fe10 redefined class name=com.project.CRUDoperation.studentsImpl, count=13
Event: 1346.217 Thread 0x000002289e55fe10 redefined class name=com.project.CRUDoperation.studentsImpl, count=2
Event: 1346.217 Thread 0x000002289e55fe10 redefined class name=com.project.CRUDoperation.studentsImpl, count=3
Event: 1346.217 Thread 0x000002289e55fe10 redefined class name=com.project.CRUDoperation.studentsImpl, count=9
Event: 1346.217 Thread 0x000002289e55fe10 redefined class name=com.project.CRUDoperation.studentsImpl, count=6
Event: 1346.217 Thread 0x000002289e55fe10 redefined class name=com.project.CRUDoperation.studentsImpl, count=6
Event: 1366.361 Thread 0x000002289e55fe10 redefined class name=com.project.CRUDoperation.studentsImpl, count=1
Event: 1366.361 Thread 0x000002289e55fe10 redefined class name=com.project.CRUDoperation.studentsImpl, count=2
Event: 1366.361 Thread 0x000002289e55fe10 redefined class name=com.project.CRUDoperation.studentsImpl, count=6
Event: 1366.361 Thread 0x000002289e55fe10 redefined class name=com.project.CRUDoperation.studentsImpl, count=11
Event: 1366.361 Thread 0x000002289e55fe10 redefined class name=com.project.CRUDoperation.studentsImpl, count=12
Event: 1366.361 Thread 0x000002289e55fe10 redefined class name=com.project.CRUDoperation.studentsImpl, count=13
Event: 1366.361 Thread 0x000002289e55fe10 redefined class name=com.project.CRUDoperation.studentsImpl, count=14
Event: 1366.361 Thread 0x000002289e55fe10 redefined class name=com.project.CRUDoperation.studentsImpl, count=3
Event: 1366.361 Thread 0x000002289e55fe10 redefined class name=com.project.CRUDoperation.studentsImpl, count=4
Event: 1366.361 Thread 0x000002289e55fe10 redefined class name=com.project.CRUDoperation.studentsImpl, count=7
Event: 1366.361 Thread 0x000002289e55fe10 redefined class name=com.project.CRUDoperation.studentsImpl, count=7
Event: 1366.361 Thread 0x000002289e55fe10 redefined class name=com.project.CRUDoperation.studentsImpl, count=5
Event: 1366.361 Thread 0x000002289e55fe10 redefined class name=com.project.CRUDoperation.studentsImpl, count=10

Internal exceptions (20 events):
Event: 1265.639 Thread 0x00000228a5dd5fb0 Exception <a 'sun/nio/fs/WindowsException'{0x000000008aa86fa8}> (0x000000008aa86fa8) 
thrown [s\open\src\hotspot\share\prims\jni.cpp, line 516]
Event: 1347.652 Thread 0x00000228a5dd6e20 Exception <a 'java/lang/InterruptedException'{0x000000008b987cc8}: sleep interrupted> (0x000000008b987cc8) 
thrown [s\open\src\hotspot\share\prims\jvm.cpp, line 3083]
Event: 1347.763 Thread 0x00000228a3f54610 Exception <a 'sun/nio/fs/WindowsException'{0x00000000ffea6718}> (0x00000000ffea6718) 
thrown [s\open\src\hotspot\share\prims\jni.cpp, line 516]
Event: 1347.791 Thread 0x00000228a3f54610 Exception <a 'sun/nio/fs/WindowsException'{0x00000000ffc93930}> (0x00000000ffc93930) 
thrown [s\open\src\hotspot\share\prims\jni.cpp, line 516]
Event: 1348.055 Thread 0x00000228a3f54610 Exception <a 'sun/nio/fs/WindowsException'{0x000000008a70c878}> (0x000000008a70c878) 
thrown [s\open\src\hotspot\share\prims\jni.cpp, line 516]
Event: 1348.060 Thread 0x00000228a3f54610 Exception <a 'sun/nio/fs/WindowsException'{0x000000008a750370}> (0x000000008a750370) 
thrown [s\open\src\hotspot\share\prims\jni.cpp, line 516]
Event: 1348.093 Thread 0x00000228a3f54610 Exception <a 'java/lang/NoClassDefFoundError'{0x000000008a5f2d18}: org/flywaydb/core/Flyway> (0x000000008a5f2d18) 
thrown [s\open\src\hotspot\share\oops\constantPool.cpp, line 836]
Event: 1348.094 Thread 0x00000228a3f54610 Exception <a 'java/lang/NoClassDefFoundError'{0x000000008a5f3368}: liquibase/integration/spring/SpringLiquibase> (0x000000008a5f3368) 
thrown [s\open\src\hotspot\share\oops\constantPool.cpp, line 836]
Event: 1348.098 Thread 0x00000228a3f54610 Exception <a 'java/lang/NoClassDefFoundError'{0x000000008a410918}: org/jooq/DSLContext> (0x000000008a410918) 
thrown [s\open\src\hotspot\share\oops\constantPool.cpp, line 836]
Event: 1348.101 Thread 0x00000228a3f54610 Exception <a 'java/lang/NoClassDefFoundError'{0x000000008a462648}: org/springframework/batch/core/repository/JobRepository> (0x000000008a462648) 
thrown [s\open\src\hotspot\share\oops\constantPool.cpp, line 836]
Event: 1348.102 Thread 0x00000228a3f54610 Exception <a 'java/lang/NoClassDefFoundError'{0x000000008a462c90}: org/quartz/Scheduler> (0x000000008a462c90) 
thrown [s\open\src\hotspot\share\oops\constantPool.cpp, line 836]
Event: 1348.103 Thread 0x00000228a3f54610 Exception <a 'java/lang/NoClassDefFoundError'{0x000000008a463300}: org/springframework/session/jdbc/JdbcIndexedSessionRepository> (0x000000008a463300) 
thrown [s\open\src\hotspot\share\oops\constantPool.cpp, line 836]
Event: 1348.152 Thread 0x00000228a3f54610 Exception <a 'sun/nio/fs/WindowsException'{0x00000000ffca9fe8}> (0x00000000ffca9fe8) 
thrown [s\open\src\hotspot\share\prims\jni.cpp, line 516]
Event: 1348.152 Thread 0x00000228a3f54610 Exception <a 'sun/nio/fs/WindowsException'{0x00000000ffcaa710}> (0x00000000ffcaa710) 
thrown [s\open\src\hotspot\share\prims\jni.cpp, line 516]
Event: 1348.153 Thread 0x00000228a3f54610 Exception <a 'sun/nio/fs/WindowsException'{0x00000000ffcaae08}> (0x00000000ffcaae08) 
thrown [s\open\src\hotspot\share\prims\jni.cpp, line 516]
Event: 1348.165 Thread 0x00000228a3f54610 Exception <a 'java/io/FileNotFoundException'{0x00000000ffcd86d0}> (0x00000000ffcd86d0) 
thrown [s\open\src\hotspot\share\prims\jni.cpp, line 516]
Event: 1348.252 Thread 0x00000228a3f54610 Exception <a 'java/io/FileNotFoundException'{0x000000008bf407c0}> (0x000000008bf407c0) 
thrown [s\open\src\hotspot\share\prims\jni.cpp, line 516]
Event: 1348.303 Thread 0x00000228a3f54610 Exception <a 'sun/nio/fs/WindowsException'{0x000000008c417160}> (0x000000008c417160) 
thrown [s\open\src\hotspot\share\prims\jni.cpp, line 516]
Event: 1348.318 Thread 0x00000228a3f54610 Implicit null exception at 0x000002289102d39d to 0x000002289102d9b0
Event: 1348.355 Thread 0x00000228a3f54610 Implicit null exception at 0x000002289106d809 to 0x000002289106dce8

VM Operations (20 events):
Event: 1366.827 Executing VM operation: ChangeBreakpoints
Event: 1366.830 Executing VM operation: ChangeBreakpoints done
Event: 1366.832 Executing VM operation: ChangeBreakpoints
Event: 1366.835 Executing VM operation: ChangeBreakpoints done
Event: 1366.836 Executing VM operation: ChangeBreakpoints
Event: 1366.840 Executing VM operation: ChangeBreakpoints done
Event: 1366.844 Executing VM operation: ChangeBreakpoints
Event: 1366.847 Executing VM operation: ChangeBreakpoints done
Event: 1366.848 Executing VM operation: ChangeBreakpoints
Event: 1366.851 Executing VM operation: ChangeBreakpoints done
Event: 1366.853 Executing VM operation: ChangeBreakpoints
Event: 1366.856 Executing VM operation: ChangeBreakpoints done
Event: 1366.860 Executing VM operation: ChangeBreakpoints
Event: 1366.863 Executing VM operation: ChangeBreakpoints done
Event: 1366.865 Executing VM operation: ChangeBreakpoints
Event: 1366.868 Executing VM operation: ChangeBreakpoints done
Event: 1366.872 Executing VM operation: ChangeBreakpoints
Event: 1366.877 Executing VM operation: ChangeBreakpoints done
Event: 1366.880 Executing VM operation: ChangeSingleStep
Event: 1366.880 Executing VM operation: ChangeSingleStep done

Events (20 events):
Event: 1347.639 Thread 0x00000228a3f567c0 Thread exited: 0x00000228a3f567c0
Event: 1347.641 Thread 0x00000228a3f55480 Thread added: 0x00000228a3f55480
Event: 1347.641 Thread 0x00000228a5dd8160 Thread exited: 0x00000228a5dd8160
Event: 1347.648 Thread 0x00000228a3f55480 Thread exited: 0x00000228a3f55480
Event: 1347.652 Thread 0x00000228a5dd6e20 Thread exited: 0x00000228a5dd6e20
Event: 1347.744 Thread 0x00000228a3f55480 Thread added: 0x00000228a3f55480
Event: 1347.745 Thread 0x00000228a3f55480 Thread exited: 0x00000228a3f55480
Event: 1347.746 Thread 0x00000228a3f54610 Thread added: 0x00000228a3f54610
Event: 1347.758 Thread 0x00000228a5dd1780 Thread exited: 0x00000228a5dd1780
Event: 1347.759 Thread 0x00000228a5dd6950 Thread exited: 0x00000228a5dd6950
Event: 1347.808 Thread 0x00000228a3f584a0 Thread added: 0x00000228a3f584a0
Event: 1347.843 Thread 0x00000228a3f584a0 Thread exited: 0x00000228a3f584a0
Event: 1348.127 Thread 0x00000228a5d445f0 Thread added: 0x00000228a5d445f0
Event: 1348.256 Thread 0x00000228a3f57630 Thread added: 0x00000228a3f57630
Event: 1348.256 Thread 0x00000228a3f567c0 Thread added: 0x00000228a3f567c0
Event: 1348.256 Thread 0x00000228a3f56c90 Thread added: 0x00000228a3f56c90
Event: 1348.339 Thread 0x00000228a3f5aff0 Thread added: 0x00000228a3f5aff0
Event: 1348.453 Thread 0x00000228a3f5a180 Thread added: 0x00000228a3f5a180
Event: 1348.641 Thread 0x00000228a5d445f0 Thread exited: 0x00000228a5d445f0
Event: 1353.889 Thread 0x00000228a3f5a180 Thread exited: 0x00000228a3f5a180


Dynamic libraries:
0x00007ff6c8d30000 - 0x00007ff6c8d40000 	C:\Program Files\Java\jdk-18.0.2\bin\javaw.exe
0x00007ffca1430000 - 0x00007ffca1644000 	C:\Windows\SYSTEM32\ntdll.dll
0x00007ffc9f9d0000 - 0x00007ffc9fa92000 	C:\Windows\System32\KERNEL32.DLL
0x00007ffc9ebb0000 - 0x00007ffc9ef53000 	C:\Windows\System32\KERNELBASE.dll
0x00007ffc9efd0000 - 0x00007ffc9f0e1000 	C:\Windows\System32\ucrtbase.dll
0x00007ffc99460000 - 0x00007ffc9947a000 	C:\Program Files\Java\jdk-18.0.2\bin\VCRUNTIME140.dll
0x00007ffc99130000 - 0x00007ffc99148000 	C:\Program Files\Java\jdk-18.0.2\bin\jli.dll
0x00007ffca0980000 - 0x00007ffca0a2e000 	C:\Windows\System32\ADVAPI32.dll
0x00007ffca0bf0000 - 0x00007ffca0c97000 	C:\Windows\System32\msvcrt.dll
0x00007ffc9f210000 - 0x00007ffc9f2b4000 	C:\Windows\System32\sechost.dll
0x00007ffc9f570000 - 0x00007ffc9f687000 	C:\Windows\System32\RPCRT4.dll
0x00007ffca0a30000 - 0x00007ffca0bda000 	C:\Windows\System32\USER32.dll
0x00007ffc9e8d0000 - 0x00007ffc9e8f6000 	C:\Windows\System32\win32u.dll
0x00007ffc87980000 - 0x00007ffc87c0e000 	C:\Windows\WinSxS\amd64_microsoft.windows.common-controls_6595b64144ccf1df_6.0.22621.1635_none_270f70857386168e\COMCTL32.dll
0x00007ffc9fe50000 - 0x00007ffc9fe79000 	C:\Windows\System32\GDI32.dll
0x00007ffc9f0f0000 - 0x00007ffc9f209000 	C:\Windows\System32\gdi32full.dll
0x00007ffc9e830000 - 0x00007ffc9e8ca000 	C:\Windows\System32\msvcp_win.dll
0x00007ffc946e0000 - 0x00007ffc946ea000 	C:\Windows\SYSTEM32\VERSION.dll
0x00007ffc9f990000 - 0x00007ffc9f9c1000 	C:\Windows\System32\IMM32.DLL
0x00007ffc9bfd0000 - 0x00007ffc9bfdc000 	C:\Program Files\Java\jdk-18.0.2\bin\vcruntime140_1.dll
0x00007ffc89570000 - 0x00007ffc895fd000 	C:\Program Files\Java\jdk-18.0.2\bin\msvcp140.dll
0x00007ffc571e0000 - 0x00007ffc57df1000 	C:\Program Files\Java\jdk-18.0.2\bin\server\jvm.dll
0x00007ffca08f0000 - 0x00007ffca08f8000 	C:\Windows\System32\PSAPI.DLL
0x00007ffc94700000 - 0x00007ffc94709000 	C:\Windows\SYSTEM32\WSOCK32.dll
0x00007ffc91860000 - 0x00007ffc91894000 	C:\Windows\SYSTEM32\WINMM.dll
0x00007ffc9f2c0000 - 0x00007ffc9f331000 	C:\Windows\System32\WS2_32.dll
0x00007ffc9d960000 - 0x00007ffc9d978000 	C:\Windows\SYSTEM32\kernel.appcore.dll
0x00007ffc9af20000 - 0x00007ffc9af2a000 	C:\Program Files\Java\jdk-18.0.2\bin\jimage.dll
0x00007ffc9c200000 - 0x00007ffc9c42e000 	C:\Windows\SYSTEM32\DBGHELP.DLL
0x00007ffc9fac0000 - 0x00007ffc9fe49000 	C:\Windows\System32\combase.dll
0x00007ffca0ca0000 - 0x00007ffca0d77000 	C:\Windows\System32\OLEAUT32.dll
0x00007ffc72a10000 - 0x00007ffc72a42000 	C:\Windows\SYSTEM32\dbgcore.DLL
0x00007ffc9e9c0000 - 0x00007ffc9ea3a000 	C:\Windows\System32\bcryptPrimitives.dll
0x00007ffc97230000 - 0x00007ffc9726b000 	C:\Program Files\Java\jdk-18.0.2\bin\jdwp.dll
0x00007ffc9bfe0000 - 0x00007ffc9bfee000 	C:\Program Files\Java\jdk-18.0.2\bin\instrument.dll
0x00007ffc985f0000 - 0x00007ffc98615000 	C:\Program Files\Java\jdk-18.0.2\bin\java.dll
0x00007ffc59cb0000 - 0x00007ffc59d86000 	C:\Program Files\Java\jdk-18.0.2\bin\jsvml.dll
0x00007ffca00d0000 - 0x00007ffca08c9000 	C:\Windows\System32\SHELL32.dll
0x00007ffc9c7e0000 - 0x00007ffc9d0ae000 	C:\Windows\SYSTEM32\windows.storage.dll
0x00007ffc9c6a0000 - 0x00007ffc9c7de000 	C:\Windows\SYSTEM32\wintypes.dll
0x00007ffc9f340000 - 0x00007ffc9f431000 	C:\Windows\System32\SHCORE.dll
0x00007ffca0d80000 - 0x00007ffca0dde000 	C:\Windows\System32\shlwapi.dll
0x00007ffc9e760000 - 0x00007ffc9e786000 	C:\Windows\SYSTEM32\profapi.dll
0x00007ffc9aef0000 - 0x00007ffc9aefc000 	C:\Program Files\Java\jdk-18.0.2\bin\dt_socket.dll
0x00007ffc9d310000 - 0x00007ffc9d33d000 	C:\Windows\SYSTEM32\IPHLPAPI.DLL
0x00007ffc9dde0000 - 0x00007ffc9de49000 	C:\Windows\system32\mswsock.dll
0x00007ffc9d340000 - 0x00007ffc9d433000 	C:\Windows\SYSTEM32\DNSAPI.dll
0x00007ffca0be0000 - 0x00007ffca0be9000 	C:\Windows\System32\NSI.dll
0x00007ffc94450000 - 0x00007ffc9445a000 	C:\Windows\System32\rasadhlp.dll
0x00007ffc90cc0000 - 0x00007ffc90d44000 	C:\Windows\System32\fwpuclnt.dll
0x00007ffc992e0000 - 0x00007ffc992f8000 	C:\Program Files\Java\jdk-18.0.2\bin\zip.dll
0x00007ffc9af00000 - 0x00007ffc9af13000 	C:\Program Files\Java\jdk-18.0.2\bin\net.dll
0x00007ffc93c20000 - 0x00007ffc93d57000 	C:\Windows\SYSTEM32\WINHTTP.dll
0x00007ffc99630000 - 0x00007ffc99646000 	C:\Program Files\Java\jdk-18.0.2\bin\nio.dll
0x00007ffc9bff0000 - 0x00007ffc9c000000 	C:\Program Files\Java\jdk-18.0.2\bin\verify.dll
0x00007ffc9ae80000 - 0x00007ffc9ae89000 	C:\Program Files\Java\jdk-18.0.2\bin\management.dll
0x00007ffc99620000 - 0x00007ffc9962b000 	C:\Program Files\Java\jdk-18.0.2\bin\management_ext.dll
0x00007ffc9bfc0000 - 0x00007ffc9bfce000 	C:\Program Files\Java\jdk-18.0.2\bin\sunmscapi.dll
0x00007ffc9ea40000 - 0x00007ffc9eba7000 	C:\Windows\System32\CRYPT32.dll
0x00007ffc9e1d0000 - 0x00007ffc9e1fe000 	C:\Windows\SYSTEM32\ncrypt.dll
0x00007ffc9e190000 - 0x00007ffc9e1c7000 	C:\Windows\SYSTEM32\NTASN1.dll
0x00007ffc9e040000 - 0x00007ffc9e05b000 	C:\Windows\SYSTEM32\CRYPTSP.dll
0x00007ffc9d8d0000 - 0x00007ffc9d905000 	C:\Windows\system32\rsaenh.dll
0x00007ffc9dee0000 - 0x00007ffc9df0c000 	C:\Windows\SYSTEM32\USERENV.dll
0x00007ffc9e200000 - 0x00007ffc9e228000 	C:\Windows\SYSTEM32\bcrypt.dll
0x00007ffc9e060000 - 0x00007ffc9e06c000 	C:\Windows\SYSTEM32\CRYPTBASE.dll
0x00007ffc91ed0000 - 0x00007ffc91ee9000 	C:\Windows\SYSTEM32\dhcpcsvc6.DLL
0x00007ffc91eb0000 - 0x00007ffc91ecf000 	C:\Windows\SYSTEM32\dhcpcsvc.DLL

dbghelp: loaded successfully - version: 4.0.5 - missing functions: none
symbol engine: initialized successfully - sym options: 0x614 - pdb path: .;C:\Program Files\Java\jdk-18.0.2\bin;C:\Windows\SYSTEM32;C:\Windows\WinSxS\amd64_microsoft.windows.common-controls_6595b64144ccf1df_6.0.22621.1635_none_270f70857386168e;C:\Program Files\Java\jdk-18.0.2\bin\server

VM Arguments:
jvm_args: -XX:+ShowCodeDetailsInExceptionMessages -agentlib:jdwp=transport=dt_socket,suspend=y,address=localhost:54055 -javaagent:C:\Users\Arul_venkatesh\eclipse\java-2023-06\eclipse\configuration\org.eclipse.osgi\248\0\.cp\lib\javaagent-shaded.jar -Dfile.encoding=UTF-8 
java_command: com.project.CRUDoperation.CruDoperationApplication
java_class_path (initial): D:\proj\CRUDoperation (1)\CRUDoperation\target\classes;C:\Users\Arul_venkatesh\.m2\repository\org\springframework\boot\spring-boot-starter-actuator\3.5.3\spring-boot-starter-actuator-3.5.3.jar;C:\Users\Arul_venkatesh\.m2\repository\org\springframework\boot\spring-boot-starter\3.5.3\spring-boot-starter-3.5.3.jar;C:\Users\Arul_venkatesh\.m2\repository\org\springframework\boot\spring-boot-starter-logging\3.5.3\spring-boot-starter-logging-3.5.3.jar;C:\Users\Arul_venkatesh\.m2\repository\ch\qos\logback\logback-classic\1.5.18\logback-classic-1.5.18.jar;C:\Users\Arul_venkatesh\.m2\repository\ch\qos\logback\logback-core\1.5.18\logback-core-1.5.18.jar;C:\Users\Arul_venkatesh\.m2\repository\org\apache\logging\log4j\log4j-to-slf4j\2.24.3\log4j-to-slf4j-2.24.3.jar;C:\Users\Arul_venkatesh\.m2\repository\org\apache\logging\log4j\log4j-api\2.24.3\log4j-api-2.24.3.jar;C:\Users\Arul_venkatesh\.m2\repository\org\slf4j\jul-to-slf4j\2.0.17\jul-to-slf4j-2.0.17.jar;C:\Users\Arul_venkatesh\.m2\repository\jakarta\annotation\jakarta.annotation-api\2.1.1\jakarta.annotation-api-2.1.1.jar;C:\Users\Arul_venkatesh\.m2\repository\org\yaml\snakeyaml\2.4\snakeyaml-2.4.jar;C:\Users\Arul_venkatesh\.m2\repository\org\springframework\boot\spring-boot-actuator-autoconfigure\3.5.3\spring-boot-actuator-autoconfigure-3.5.3.jar;C:\Users\Arul_venkatesh\.m2\repository\org\springframework\boot\spring-boot-actuator\3.5.3\spring-boot-actuator-3.5.3.jar;C:\Users\Arul_venkatesh\.m2\repository\com\fasterxml\jackson\core\jackson-databind\2.19.1\jackson-databind-2.19.1.jar;C:\Users\Arul_venkatesh\.m2\repository\com\fasterxml\jackson\core\jackson-annotations\2.19.1\jackson-annotations-2.19.1.jar;C:\Users\Arul_venkatesh\.m2\repository\com\fasterxml\jackson\core\jackson-core\2.19.1\jackson-core-2.19.1.jar;C:\Users\Arul_venkatesh\.m2\repository\com\fasterxml\jackson\datatype\jackson-datatype-jsr310\2.19.1\jackson-datatype-jsr310-2.19.1.jar;C:\Users\Arul_venkatesh\.m2\repository\io\micrometer\micrometer-observation\1.15.1\micrometer-observation-1.15.1.jar;C:\Users\Arul_venkatesh\.m2\repository\io\micrometer\micrometer-commons\1.15.1\micrometer-commons-1.15.1.jar;C:\Users\Arul_venkatesh\.m2\repository\io\micrometer\micrometer-jakarta9\1.15.1\micrometer-jakarta9-1.15.1.jar;C:\Users\Arul_venkatesh\.m2\repository\io\micrometer\micrometer-core\1.15.1\micrometer-core-1.15.1.jar;C:\Users\Arul_venkatesh\.m2\repository\org\hdrhistogram\HdrHistogram\2.2.2\HdrHistogram-2.2.2.jar;C:\Users\Arul_venkatesh\.m2\repository\org\latencyutils\LatencyUtils\2.0.3\LatencyUtils-2.0.3.jar;C:\Users\Arul_venkatesh\.m2\repository\org\springframework\boot\spring-boot-starter-data-jpa\3.5.3\spring-boot-starter-data-jpa-3.5.3.jar;C:\Users\Arul_venkatesh\.m2\repository\org\springframework\boot\spring-boot-starter-jdbc\3.5.3\spring-boot-starter-jdbc-3.5.3.jar;C:\Users\Arul_venkatesh\.m2\repository\com\zaxxer\HikariCP\6.3.0\HikariCP-6.3.0.jar;C:\Users\Arul_venkatesh\.m2\repository\org\springframework\spring-jdbc\6.2.8\spring-jdbc-6.2.8.jar;C:\Users\Arul_venkatesh\.m2\repository\org\hibernate\orm\hibernate-core\6.6.18.Final\hibernate-core-6.6.18.Final.jar;C:\Users\Arul_venkatesh\.m2\repository\jakarta\persistence\jakarta.persistence-api\3.1.0\jakarta.persistence-api-3.1.0.jar;C:\Users\Arul_venkatesh\.m2\repository\jakarta\transaction\jakarta.transaction-api\2.0.1\jakarta.transaction-api-2.0.1.jar;C:\Users\Arul_venkatesh\.m2\repository\org\jboss\logging\jboss-logging\3.6.1.Final\jboss-logging-3.6.1.Final.jar;C:\Users\Arul_venkatesh\.m2\repository\org\hibernate\common\hibernate-commons-annotations\7.0.3.Final\hibernate-commons-annotations-7.0.3.Final.jar;C:\Users\Arul_venkatesh\.m2\repository\io\smallrye\jandex\3.2.0\jandex-3.2.0.jar;C:\Users\Arul_venkatesh\.m2\repository\com\fasterxml\classmate\1.7.0\classmate-1.7.0.jar;C:\Users\Arul_venkatesh\.m2\repository\net\bytebuddy\byte-buddy\1.17.6\byte-buddy-1.17.6.jar;C:\Users\Arul_venkatesh\.m2\repository\org\glassfish\jaxb\jaxb-runtime\4.0.5\jaxb-runtime-4.0.5.jar;C:\Users\Arul_venkatesh\.m2\repository\org\glassfish\jaxb\jaxb-core\4.0.5\jaxb-core-4.0.5.jar;C:\Users\Arul_venkatesh\.m2\repository\org\eclipse\angus\angus-activation\2.0.2\angus-activation-2.0.2.jar;C:\Users\Arul_venkatesh\.m2\repository\org\glassfish\jaxb\txw2\4.0.5\txw2-4.0.5.jar;C:\Users\Arul_venkatesh\.m2\repository\com\sun\istack\istack-commons-runtime\4.1.2\istack-commons-runtime-4.1.2.jar;C:\Users\Arul_venkatesh\.m2\repository\jakarta\inject\jakarta.inject-api\2.0.1\jakarta.inject-api-2.0.1.jar;C:\Users\Arul_venkatesh\.m2\repository\org\antlr\antlr4-runtime\4.13.0\antlr4-runtime-4.13.0.jar;C:\Users\Arul_venkatesh\.m2\repository\org\springframework\data\spring-data-jpa\3.5.1\spring-data-jpa-3.5.1.jar;C:\Users\Arul_venkatesh\.m2\repository\org\springframework\data\spring-data-commons\3.5.1\spring-data-commons-3.5.1.jar;C:\Users\Arul_venkatesh\.m2\repository\org\springframework\spring-orm\6.2.8\spring-orm-6.2.8.jar;C:\Users\Arul_venkatesh\.m2\repository\org\springframework\spring-context\6.2.8\spring-context-6.2.8.jar;C:\Users\Arul_venkatesh\.m2\repository\org\springframework\spring-aop\6.2.8\spring-aop-6.2.8.jar;C:\Users\Arul_venkatesh\.m2\repository\org\springframework\spring-tx\6.2.8\spring-tx-6.2.8.jar;C:\Users\Arul_venkatesh\.m2\repository\org\springframework\spring-beans\6.2.8\spring-beans-6.2.8.jar;C:\Users\Arul_venkatesh\.m2\repository\org\slf4j\slf4j-api\2.0.17\slf4j-api-2.0.17.jar;C:\Users\Arul_venkatesh\.m2\repository\org\springframework\spring-aspects\6.2.8\spring-aspects-6.2.8.jar;C:\Users\Arul_venkatesh\.m2\repository\org\aspectj\aspectjweaver\1.9.24\aspectjweaver-1.9.24.jar;C:\Users\Arul_venkatesh\.m2\repository\org\springframework\boot\spring-boot-starter-web\3.5.3\spring-boot-starter-web-3.5.3.jar;C:\Users\Arul_venkatesh\.m2\repository\org\springframework\boot\spring-boot-starter-json\3.5.3\spring-boot-starter-json-3.5.3.jar;C:\Users\Arul_venkatesh\.m2\repository\com\fasterxml\jackson\datatype\jackson-datatype-jdk8\2.19.1\jackson-datatype-jdk8-2.19.1.jar;C:\Users\Arul_venkatesh\.m2\repository\com\fasterxml\jackson\module\jackson-module-parameter-names\2.19.1\jackson-module-parameter-names-2.19.1.jar;C:\Users\Arul_venkatesh\.m2\repository\org\springframework\boot\spring-boot-starter-tomcat\3.5.3\spring-boot-starter-tomcat-3.5.3.jar;C:\Users\Arul_venkatesh\.m2\repository\org\apache\tomcat\embed\tomcat-embed-core\10.1.42\tomcat-embed-core-10.1.42.jar;C:\Users\Arul_venkatesh\.m2\repository\org\apache\tomcat\embed\tomcat-embed-el\10.1.42\tomcat-embed-el-10.1.42.jar;C:\Users\Arul_venkatesh\.m2\repository\org\apache\tomcat\embed\tomcat-embed-websocket\10.1.42\tomcat-embed-websocket-10.1.42.jar;C:\Users\Arul_venkatesh\.m2\repository\org\springframework\spring-web\6.2.8\spring-web-6.2.8.jar;C:\Users\Arul_venkatesh\.m2\repository\org\springframework\spring-webmvc\6.2.8\spring-webmvc-6.2.8.jar;C:\Users\Arul_venkatesh\.m2\repository\org\springframework\spring-expression\6.2.8\spring-expression-6.2.8.jar;C:\Users\Arul_venkatesh\.m2\repository\org\springframework\boot\spring-boot-devtools\3.5.3\spring-boot-devtools-3.5.3.jar;C:\Users\Arul_venkatesh\.m2\repository\org\springframework\boot\spring-boot\3.5.3\spring-boot-3.5.3.jar;C:\Users\Arul_venkatesh\.m2\repository\org\springframework\boot\spring-boot-autoconfigure\3.5.3\spring-boot-autoconfigure-3.5.3.jar;C:\Users\Arul_venkatesh\.m2\repository\com\mysql\mysql-connector-j\9.2.0\mysql-connector-j-9.2.0.jar;C:\Users\Arul_venkatesh\.m2\repository\jakarta\xml\bind\jakarta.xml.bind-api\4.0.2\jakarta.xml.bind-api-4.0.2.jar;C:\Users\Arul_venkatesh\.m2\repository\jakarta\activation\jakarta.activation-api\2.1.3\jakarta.activation-api-2.1.3.jar;C:\Users\Arul_venkatesh\.m2\repository\org\springframework\spring-core\6.2.8\spring-core-6.2.8.jar;C:\Users\Arul_venkatesh\.m2\repository\org\springframework\spring-jcl\6.2.8\spring-jcl-6.2.8.jar
Launcher Type: SUN_STANDARD

[Global flags]
     intx CICompilerCount                          = 3                                         {product} {ergonomic}
     uint ConcGCThreads                            = 1                                         {product} {ergonomic}
     uint G1ConcRefinementThreads                  = 4                                         {product} {ergonomic}
   size_t G1HeapRegionSize                         = 1048576                                   {product} {ergonomic}
    uintx GCDrainStackTargetSize                   = 64                                        {product} {ergonomic}
   size_t InitialHeapSize                          = 130023424                                 {product} {ergonomic}
   size_t MarkStackSize                            = 4194304                                   {product} {ergonomic}
   size_t MaxHeapSize                              = 2069889024                                {product} {ergonomic}
   size_t MaxNewSize                               = 1241513984                                {product} {ergonomic}
   size_t MinHeapDeltaBytes                        = 1048576                                   {product} {ergonomic}
   size_t MinHeapSize                              = 8388608                                   {product} {ergonomic}
    uintx NonNMethodCodeHeapSize                   = 5832780                                {pd product} {ergonomic}
    uintx NonProfiledCodeHeapSize                  = 122912730                              {pd product} {ergonomic}
    uintx ProfiledCodeHeapSize                     = 122912730                              {pd product} {ergonomic}
    uintx ReservedCodeCacheSize                    = 251658240                              {pd product} {ergonomic}
     bool SegmentedCodeCache                       = true                                      {product} {ergonomic}
     bool ShowCodeDetailsInExceptionMessages       = true                                   {manageable} {command line}
   size_t SoftMaxHeapSize                          = 2069889024                             {manageable} {ergonomic}
     bool UseCompressedClassPointers               = true                           {product lp64_product} {ergonomic}
     bool UseCompressedOops                        = true                           {product lp64_product} {ergonomic}
     bool UseG1GC                                  = true                                      {product} {ergonomic}
     bool UseLargePagesIndividualAllocation        = false                                  {pd product} {ergonomic}

Logging:
Log output configuration:
 #0: stdout all=warning uptime,level,tags foldmultilines=false
 #1: stderr all=off uptime,level,tags foldmultilines=false

Environment Variables:
PATH=C:\Program Files\Common Files\Oracle\Java\javapath;C:\Windows\system32;C:\Windows;C:\Windows\System32\Wbem;C:\Windows\System32\WindowsPowerShell\v1.0\;C:\Windows\System32\OpenSSH\;C:\Program Files\Java\jre1.8.0_172\bin;C:\apache-maven-3.8.6\bin;C:\Users\Arul_venkatesh\AppData\Roaming\Microsoft\Windows\Start Menu\Programs\Python 3.10;C:\xampp\php;C:\Program Files\MySQL\MySQL Server 5.5\bin;C:\Program Files\Git\cmd;C:\Users\Arul_venkatesh\AppData\Local\Microsoft\WindowsApps;C:\Users\Arul_venkatesh\AppData\Roaming\Microsoft\Windows\Start Menu\Programs\Python 3.10;C:\Users\Arul_venkatesh\AppData\Roaming\Composer\vendor\bin;C:\ProgramData\ComposerSetup\bin;C:\Users\Arul_venkatesh\AppData\Local\Programs\Microsoft VS Code\bin
USERNAME=Arul_venkatesh
OS=Windows_NT
PROCESSOR_IDENTIFIER=Intel64 Family 6 Model 140 Stepping 2, GenuineIntel



---------------  S Y S T E M  ---------------

OS:
 Windows 11 , 64 bit Build 22621 (10.0.22621.1928)
OS uptime: 274 days 18:02 hours
Hyper-V role detected

CPU: total 4 (initial active 4) (2 cores per cpu, 2 threads per core) family 6 model 140 stepping 2 microcode 0x16, cx8, cmov, fxsr, ht, mmx, 3dnowpref, sse, sse2, sse3, ssse3, sse4.1, sse4.2, popcnt, lzcnt, tsc, tscinvbit, avx, avx2, aes, erms, clmul, bmi1, bmi2, adx, avx512f, avx512dq, avx512cd, avx512bw, avx512vl, sha, fma, vzeroupper, avx512_vpopcntdq, avx512_vpclmulqdq, avx512_vaes, avx512_vnni, clflush, clflushopt, clwb, avx512_vbmi2, avx512_vbmi, hv

Memory: 4k page, system-wide physical 7894M (662M free)
TotalPageFile size 23476M (AvailPageFile size 4464M)
current process WorkingSet (physical memory assigned to process): 340M, peak: 354M
current process commit charge ("private bytes"): 393M, peak: 406M

vm_info: Java HotSpot(TM) 64-Bit Server VM (18.0.2+9-61) for windows-amd64 JRE (18.0.2+9-61), built on Jun  7 2022 13:09:01 by "mach5one" with MS VC++ 16.8 / 16.9 (VS2019)

END.
